Initializing gui preferences from file  /home/gift/.synopsys_dv_prefs.tcl
#--------------------------Specify Libraries--------------------------
set DESIGN_PATH /opt/PDKs/smic_180/SM00LB501-FE-00000-r0p0-00rel0/aci/sc-m/synopsys 
/opt/PDKs/smic_180/SM00LB501-FE-00000-r0p0-00rel0/aci/sc-m/synopsys
set search_path "$search_path $DESIGN_PATH"
. /usr/Synopsys/dc2016/syn/L-2016.03-SP1/libraries/syn /usr/Synopsys/dc2016/syn/L-2016.03-SP1/minpower/syn /usr/Synopsys/dc2016/syn/L-2016.03-SP1/dw/syn_ver /usr/Synopsys/dc2016/syn/L-2016.03-SP1/dw/sim_ver /opt/PDKs/smic_180/SM00LB501-FE-00000-r0p0-00rel0/aci/sc-m/synopsys
set target_library "ss_1v62_125c.db"
ss_1v62_125c.db
set link_library "* $target_library"
* ss_1v62_125c.db
echo "\n\nSettings:"


Settings:
echo "search_path: $search_path"
search_path: . /usr/Synopsys/dc2016/syn/L-2016.03-SP1/libraries/syn /usr/Synopsys/dc2016/syn/L-2016.03-SP1/minpower/syn /usr/Synopsys/dc2016/syn/L-2016.03-SP1/dw/syn_ver /usr/Synopsys/dc2016/syn/L-2016.03-SP1/dw/sim_ver /opt/PDKs/smic_180/SM00LB501-FE-00000-r0p0-00rel0/aci/sc-m/synopsys
echo "link_library: $link_library"
link_library: * ss_1v62_125c.db
echo "target_library: $target_library"
target_library: ss_1v62_125c.db
echo "\n\nI'm Ready!"


I'm Ready!
#set search_path "$TAR_PATH $MEM_LINK_PATH"
#--------------------------Prepare Filelist---------------------------
set FILE_LIST ""
set f [open "../syn/filelist_syn.f" r]
file10
while {![eof $f]} {
    gets $f line
    append FILE_LIST "$line "
}
echo $FILE_LIST
/home/gift/workplace/CourseDigitalIC/homework/ch71617/Sort/src/onehotdec.v /home/gift/workplace/CourseDigitalIC/homework/ch71617/Sort/src/decode16_5.v /home/gift/workplace/CourseDigitalIC/homework/ch71617/Sort/src/sum16.v /home/gift/workplace/CourseDigitalIC/homework/ch71617/Sort/src/top.v  
close $f
#--------------------------Read Designs------------------------------
set TOP_DESIGN top
top
analyze -format verilog $FILE_LIST 
Running PRESTO HDLC
Compiling source file /home/gift/workplace/CourseDigitalIC/homework/ch71617/Sort/src/onehotdec.v
Compiling source file /home/gift/workplace/CourseDigitalIC/homework/ch71617/Sort/src/decode16_5.v
Compiling source file /home/gift/workplace/CourseDigitalIC/homework/ch71617/Sort/src/sum16.v
Compiling source file /home/gift/workplace/CourseDigitalIC/homework/ch71617/Sort/src/top.v
Presto compilation completed successfully.
Loading db file '/opt/PDKs/smic_180/SM00LB501-FE-00000-r0p0-00rel0/aci/sc-m/synopsys/ss_1v62_125c.db'
1
elaborate $TOP_DESIGN
Loading db file '/usr/Synopsys/dc2016/syn/L-2016.03-SP1/libraries/syn/gtech.db'
Loading db file '/usr/Synopsys/dc2016/syn/L-2016.03-SP1/libraries/syn/standard.sldb'
  Loading link library 'ss_1v62_125c'
  Loading link library 'gtech'
Running PRESTO HDLC

Inferred memory devices in process
        in routine top line 20 in file
                '/home/gift/workplace/CourseDigitalIC/homework/ch71617/Sort/src/top.v'.
===============================================================================
|    Register Name    |   Type    | Width | Bus | MB | AR | AS | SR | SS | ST |
===============================================================================
|     regfile_reg     | Flip-flop |  128  |  Y  | N  | Y  | N  | N  | N  | N  |
===============================================================================

Inferred memory devices in process
        in routine top line 31 in file
                '/home/gift/workplace/CourseDigitalIC/homework/ch71617/Sort/src/top.v'.
===============================================================================
|    Register Name    |   Type    | Width | Bus | MB | AR | AS | SR | SS | ST |
===============================================================================
|    vaild_r1_reg     | Flip-flop |   1   |  N  | N  | Y  | N  | N  | N  | N  |
|      v_r1_reg       | Flip-flop |  16   |  Y  | N  | Y  | N  | N  | N  | N  |
===============================================================================

Inferred memory devices in process
        in routine top line 74 in file
                '/home/gift/workplace/CourseDigitalIC/homework/ch71617/Sort/src/top.v'.
===============================================================================
|    Register Name    |   Type    | Width | Bus | MB | AR | AS | SR | SS | ST |
===============================================================================
|     addr_r2_reg     | Flip-flop |  64   |  Y  | N  | Y  | N  | N  | N  | N  |
===============================================================================

Inferred memory devices in process
        in routine top line 83 in file
                '/home/gift/workplace/CourseDigitalIC/homework/ch71617/Sort/src/top.v'.
===============================================================================
|    Register Name    |   Type    | Width | Bus | MB | AR | AS | SR | SS | ST |
===============================================================================
|      v_r2_reg       | Flip-flop |  16   |  Y  | N  | N  | N  | N  | N  | N  |
|    vaild_r2_reg     | Flip-flop |   1   |  N  | N  | N  | N  | N  | N  | N  |
===============================================================================

Inferred memory devices in process
        in routine top line 103 in file
                '/home/gift/workplace/CourseDigitalIC/homework/ch71617/Sort/src/top.v'.
===============================================================================
|    Register Name    |   Type    | Width | Bus | MB | AR | AS | SR | SS | ST |
===============================================================================
|      datar_reg      | Flip-flop |  128  |  Y  | N  | Y  | N  | N  | N  | N  |
===============================================================================

Inferred memory devices in process
        in routine top line 112 in file
                '/home/gift/workplace/CourseDigitalIC/homework/ch71617/Sort/src/top.v'.
===============================================================================
|    Register Name    |   Type    | Width | Bus | MB | AR | AS | SR | SS | ST |
===============================================================================
|      v_out_reg      | Flip-flop |  16   |  Y  | N  | N  | N  | N  | N  | N  |
|   datavaild_o_reg   | Flip-flop |   1   |  N  | N  | N  | N  | N  | N  | N  |
===============================================================================
Statistics for MUX_OPs
======================================================
| block name/line  | Inputs | Outputs | # sel inputs |
======================================================
|      top/95      |   16   |    8    |      4       |
|      top/95      |   16   |    8    |      4       |
|      top/95      |   16   |    8    |      4       |
|      top/95      |   16   |    8    |      4       |
|      top/95      |   16   |    8    |      4       |
|      top/95      |   16   |    8    |      4       |
|      top/95      |   16   |    8    |      4       |
|      top/95      |   16   |    8    |      4       |
|      top/95      |   16   |    8    |      4       |
|      top/95      |   16   |    8    |      4       |
|      top/95      |   16   |    8    |      4       |
|      top/95      |   16   |    8    |      4       |
|      top/95      |   16   |    8    |      4       |
|      top/95      |   16   |    8    |      4       |
|      top/95      |   16   |    8    |      4       |
|      top/95      |   16   |    8    |      4       |
======================================================
Presto compilation completed successfully.
Elaborated 1 design.
Current design is now 'top'.
Information: Building the design 'sum16'. (HDL-193)
Presto compilation completed successfully.
Information: Building the design 'decode16_5'. (HDL-193)

Statistics for case statements in always block at line 6 in file
        '/home/gift/workplace/CourseDigitalIC/homework/ch71617/Sort/src/decode16_5.v'
===============================================
|           Line           |  full/ parallel  |
===============================================
|            7             |    auto/auto     |
===============================================
Presto compilation completed successfully.
Information: Building the design 'onehotdec'. (HDL-193)

Statistics for case statements in always block at line 6 in file
        '/home/gift/workplace/CourseDigitalIC/homework/ch71617/Sort/src/onehotdec.v'
===============================================
|           Line           |  full/ parallel  |
===============================================
|            7             |    auto/auto     |
===============================================
Presto compilation completed successfully.
1
#------------------------Set Current Design&&Link Designs--------------------------
#current_design $TOP_DESIGN(auto)
#link(auto)
#-------------------------------SDC----------------------------------
source ../syn/script/Sdc.tcl
1
#--------------------Map and Optimize the Design---------------------
compile_ultra -no_autoungroup -incremental -no_boundary_optimization
Warning: The value of variable 'compile_preserve_subdesign_interfaces' has been changed to true because '-no_boundary_optimization' is used. (OPT-133)
Information: Starting from 2013.12 release, constant propagation is enabled even when boundary optimization is disabled. (OPT-1318)
Information: Performing power optimization. (PWR-850)
Analyzing: "/opt/PDKs/smic_180/SM00LB501-FE-00000-r0p0-00rel0/aci/sc-m/synopsys/ss_1v62_125c.db"
Library analysis succeeded.
Loading db file '/usr/Synopsys/dc2016/syn/L-2016.03-SP1/libraries/syn/dw_foundation.sldb'
Warning: DesignWare synthetic library dw_foundation.sldb is added to the synthetic_library in the current command. (UISN-40)
Information: Evaluating DesignWare library utilization. (UISN-27)

============================================================================
| DesignWare Building Block Library  |         Version         | Available |
============================================================================
| Basic DW Building Blocks           | L-2016.03-DWBB_201603.1 |     *     |
| Licensed DW Building Blocks        | L-2016.03-DWBB_201603.1 |     *     |
============================================================================


Loaded alib file './alib-52/ss_1v62_125c.db.alib'
Information: State dependent leakage is now switched from on to off.

  Beginning Pass 1 Mapping  (Incremental)
  ------------------------
  Processing 'onehotdec_0'
  Processing 'decode16_5'
  Processing 'sum16'
  Processing 'top'

  Updating timing information
Information: Updating design information... (UID-85)
Information: The library cell 'HOLDX1M' in the library 'ss_1v62_125c' is not characterized for internal power. (PWR-536)
Information: The target library(s) contains cell(s), other than black boxes, that are not characterized for internal power. (PWR-24)
  Mapping 'top_DW01_inc_0'
  Mapping 'top_DW01_inc_1'
  Mapping 'top_DW01_inc_2'
  Mapping 'top_DW01_inc_3'
  Mapping 'top_DW01_inc_4'
  Mapping 'top_DW01_inc_5'
  Mapping 'top_DW01_inc_6'
  Mapping 'top_DW01_inc_7'
  Mapping 'top_DW01_inc_8'
  Mapping 'top_DW01_inc_9'
  Mapping 'top_DW01_inc_10'
  Mapping 'top_DW01_inc_11'
  Mapping 'top_DW01_inc_12'
  Mapping 'top_DW01_inc_13'
  Mapping 'top_DW01_inc_14'
  Mapping 'top_DW01_inc_15'
  Mapping 'sum16_DP_OP_46_122_355_0'

                                  TOTAL                                                
   ELAPSED            WORST NEG   SETUP    DESIGN                              LEAKAGE 
    TIME      AREA      SLACK     COST    RULE COST         ENDPOINT            POWER  
  --------- --------- --------- --------- --------- ------------------------- ---------
    0:00:16   91575.0      7.85     182.3       0.0                           4792801.0000
    0:00:16   91575.0      7.85     182.3       0.0                           4792801.0000

  Beginning Mapping Optimizations  (Ultra High effort)  (Incremental)
  -------------------------------
Information: Added key list 'DesignWare' to design 'top'. (DDB-72)

  Beginning Incremental Implementation Selection
  ----------------------------------------------
  Selecting critical implementations
  Mapping 'top_DW01_inc_16'
  Mapping 'top_DW01_inc_17'
  Mapping 'top_DW01_inc_18'
  Mapping 'top_DW01_inc_19'
  Mapping 'top_DW01_inc_20'
  Mapping 'top_DW01_inc_21'
  Mapping 'top_DW01_inc_22'
  Mapping 'top_DW01_inc_23'
  Mapping 'top_DW01_inc_24'
  Mapping 'top_DW01_inc_25'
  Mapping 'top_DW01_inc_26'
  Mapping 'top_DW01_inc_27'
  Mapping 'sum16_DP_OP_46_122_355_1'
    0:00:18   95493.4      5.94     158.0       0.0                           5335494.0000
    0:00:18   95493.4      5.94     158.0       0.0                           5335494.0000
    0:00:18   95493.4      5.94     158.0       0.0                           5335494.0000
    0:00:18   95438.5      5.90     157.8       0.0                           5330606.0000
  Global Optimization (Phase 1)
  Global Optimization (Phase 2)
  Global Optimization (Phase 3)
  Global Optimization (Phase 4)
  Global Optimization (Phase 5)
  Global Optimization (Phase 6)



  Beginning Delay Optimization Phase
  ----------------------------------

                                  TOTAL                                                
   ELAPSED            WORST NEG   SETUP    DESIGN                              LEAKAGE 
    TIME      AREA      SLACK     COST    RULE COST         ENDPOINT            POWER  
  --------- --------- --------- --------- --------- ------------------------- ---------
    0:00:20   91555.2      3.24      72.9       0.0                           5062548.0000
    0:00:20   91555.2      3.24      72.9       0.0                           5062548.0000
    0:00:20   90139.3      3.24      63.3       0.0                           4739492.0000
    0:00:20   90139.3      3.24      63.3       0.0                           4739492.0000
    0:00:20   90121.7      3.21      62.2       0.0                           4738235.0000
    0:00:20   90121.7      3.21      62.2       0.0                           4738235.0000
    0:00:25   89562.0      0.00       0.0       0.0                           4565988.5000

  Beginning Delay Optimization
  ----------------------------
    0:00:25   89562.0      0.00       0.0       0.0                           4565988.5000
    0:00:25   89562.0      0.00       0.0       0.0                           4565988.5000
    0:00:25   89562.0      0.00       0.0       0.0                           4565988.5000
    0:00:25   89562.0      0.00       0.0       0.0                           4565988.5000
    0:00:25   89562.0      0.00       0.0       0.0                           4565988.5000
    0:00:26   77890.1      0.00       0.0       0.0                           3637108.7500
    0:00:26   77890.1      0.00       0.0       0.0                           3637108.7500
    0:00:26   77117.4      0.00       0.0       0.0                           3535141.7500
    0:00:26   77117.4      0.00       0.0       0.0                           3535141.7500
    0:00:26   77117.4      0.00       0.0       0.0                           3535141.7500
    0:00:26   77117.4      0.00       0.0       0.0                           3535141.7500
    0:00:26   77117.4      0.00       0.0       0.0                           3535141.7500
    0:00:26   77117.4      0.00       0.0       0.0                           3535141.7500
    0:00:26   77117.4      0.00       0.0       0.0                           3535141.7500
    0:00:26   77117.4      0.00       0.0       0.0                           3535141.7500
    0:00:26   77117.4      0.00       0.0       0.0                           3535141.7500


  Beginning Leakage Power Optimization  (max_leakage_power 0)
  ------------------------------------

                                  TOTAL                                                
   ELAPSED            WORST NEG   SETUP    DESIGN                              LEAKAGE 
    TIME      AREA      SLACK     COST    RULE COST         ENDPOINT            POWER  
  --------- --------- --------- --------- --------- ------------------------- ---------
    0:00:26   77117.4      0.00       0.0       0.0                           3535141.7500
    0:00:26   76627.8      0.00       0.0       0.0                           3493282.7500
    0:00:27   76570.8      0.00       0.0       0.0                           3483449.5000
    0:00:27   76570.8      0.00       0.0       0.0                           3483449.5000
    0:00:27   76570.8      0.00       0.0       0.0                           3483449.5000
    0:00:27   76570.8      0.00       0.0       0.0                           3483449.5000
    0:00:27   76570.8      0.00       0.0       0.0                           3483449.5000
    0:00:27   76570.8      0.00       0.0       0.0                           3483449.5000
    0:00:27   76570.8      0.00       0.0       0.0                           3483449.5000
    0:00:27   76570.8      0.00       0.0       0.0                           3483449.5000
    0:00:27   76570.8      0.00       0.0       0.0                           3483449.5000
    0:00:27   76570.8      0.00       0.0       0.0                           3483449.5000

                                  TOTAL                                                
   ELAPSED            WORST NEG   SETUP    DESIGN                              LEAKAGE 
    TIME      AREA      SLACK     COST    RULE COST         ENDPOINT            POWER  
  --------- --------- --------- --------- --------- ------------------------- ---------
    0:00:27   76570.8      0.00       0.0       0.0                           3483449.5000
    0:00:27   76559.8      0.00       0.0       0.0                           3482694.5000
    0:00:28   65329.2      0.00       0.0       0.0                           2465070.7500
    0:00:28   65329.2      0.00       0.0       0.0                           2465070.7500
    0:00:29   63063.7      0.00       0.0       0.0                           2249278.0000
Loading db file '/opt/PDKs/smic_180/SM00LB501-FE-00000-r0p0-00rel0/aci/sc-m/synopsys/ss_1v62_125c.db'


Note: Symbol # after min delay cost means estimated hold TNS across all active scenarios 


  Optimization Complete
  ---------------------
Information: State dependent leakage is now switched from off to on.
Information: Propagating switching activity (low effort zero delay simulation). (PWR-6)
1
#----------------------Save Design Database--------------------------
change_names -rules verilog -hierarchy
Warning: In the design onehotdec_1, net 'onehot[15]' is connecting multiple ports. (UCN-1)
Warning: In the design onehotdec_2, net 'dec[2]' is connecting multiple ports. (UCN-1)
1
set_fix_multiple_port_nets -all -buffer_constants
1
#---------------Check the Synthesized Design for Consistency---------
check_design -summary > ../syn/report/check_design.rpt
check_timing > ../syn/report/check_timing.rpt
#---------------------Report Timing and Area-------------------------
report_qor                  > ../syn/report/$TOP_DESIGN.qor_rpt
report_timing -max_paths 1000 > ../syn/report/$TOP_DESIGN.timing_rpt
report_timing -path full    > ../syn/report/$TOP_DESIGN.full_timing_rpt
report_timing -delay max    > ../syn/report/$TOP_DESIGN.setup_timing_rpt
report_timing -delay min    > ../syn/report/$TOP_DESIGN.hold_timing_rpt
report_reference            > ../syn/report/$TOP_DESIGN.ref_rpt
report_area                 > ../syn/report/$TOP_DESIGN.area_rpt
report_constraints          > ../syn/report/$TOP_DESIGN.const_rpt
report_constraint -all_violators > ../syn/report/$TOP_DESIGN.violators_rpt
report_power > ../syn/report/$TOP_DESIGN.power_rpt
check_timing > ../syn/log/last_check_timing.log
#---------------------Generate Files -------------------------
write -f verilog -hierarchy -output ../syn/mapped/$TOP_DESIGN.v
Writing verilog file '/home/gift/workplace/CourseDigitalIC/homework/ch71617/Sort/syn/mapped/top.v'.
Warning: Verilog 'assign' or 'tran' statements are written out. (VO-4)
1
write_sdc ../syn/mapped/$TOP_DESIGN.sdc
1
write_sdf -context verilog ../syn/mapped/$TOP_DESIGN.sdf
Information: Annotated 'cell' delays are assumed to include load delay. (UID-282)
Information: Writing timing information to file '/home/gift/workplace/CourseDigitalIC/homework/ch71617/Sort/syn/mapped/top.sdf'. (WT-3)
1
1
