
Warning-[LINX_KRNL] Unsupported Linux kernel
  Linux kernel '5.11.0-49-generic' is not supported.
  Supported versions are 2.4* or 2.6*.

Command: vcs +v2k -full64 -debug_acc+all -debug_region+cell+encrypt -LDFLAGS -Wl,--no-as-needed \
-timescale=1ns/1ps -o ./build/simtop -l ./build/log/report.log -P /usr/Synopsys/verdi/verdi/Verdi_O-2018.09-SP2/share/PLI/VCS/LINUXAMD64/novas.tab \
/usr/Synopsys/verdi/verdi/Verdi_O-2018.09-SP2/share/PLI/VCS/LINUXAMD64/pli.a /home/gift/workplace/CourseDigitalIC/homework/ch6-7/Sqrt/src/top.v \
/home/gift/workplace/CourseDigitalIC/homework/ch6-7/Sqrt/sim/tb_sqrt.v
                         Chronologic VCS (TM)
       Version O-2018.09-SP2_Full64 -- Sun Nov 13 17:01:22 2022
               Copyright (c) 1991-2018 by Synopsys Inc.
                         ALL RIGHTS RESERVED

This program is proprietary and confidential information of Synopsys Inc.
and may be used and disclosed only as authorized in a license agreement
controlling such use and disclosure.

Parsing design file '/home/gift/workplace/CourseDigitalIC/homework/ch6-7/Sqrt/src/top.v'
Parsing design file '/home/gift/workplace/CourseDigitalIC/homework/ch6-7/Sqrt/sim/tb_sqrt.v'

Warning-[DCTL] Decimal constant too large
/home/gift/workplace/CourseDigitalIC/homework/ch6-7/Sqrt/sim/tb_sqrt.v, 33
  Decimal constant '2147483648' is too large as a 32bit signed constant, it 
  should be smaller than 2147483648.
  VCS is using converted signed value '-2147483648' instead.
  To make it an unsigned constant, please use sized constant format.


Warning-[DCTL] Decimal constant too large
/home/gift/workplace/CourseDigitalIC/homework/ch6-7/Sqrt/sim/tb_sqrt.v, 35
  Decimal constant '4294967295' is too large as a 32bit signed constant, it 
  should be smaller than 2147483648.
  VCS is using converted signed value '-1' instead.
  To make it an unsigned constant, please use sized constant format.

Top Level Modules:
       tb_sqrt
TimeScale is 1 ns / 1 ps

Warning-[PCWM-W] Port connection width mismatch
/home/gift/workplace/CourseDigitalIC/homework/ch6-7/Sqrt/sim/tb_sqrt.v, 42
"top u_sqrt_u32( .clk (clk),  .rst_n (rst_n),  .vld_in (vld_in),  .x (x),  .vld_out (vld_out),  .y (y));"
  The following 16-bit expression is connected to 17-bit port "y" of module 
  "top", instance "u_sqrt_u32".
  Expression: y
  	use +lint=PCWM for more details

Starting vcs inline pass...
1 module and 0 UDP read.
recompiling module tb_sqrt
make[1]: Entering directory '/home/gift/workplace/CourseDigitalIC/homework/ch6-7/Sqrt/csrc' \

rm -f _csrc*.so pre_vcsobj_*.so share_vcsobj_*.so
ld -shared  -Bsymbolic  -o .//../build/simtop.daidir//_csrc0.so objs/amcQw_d.o 
rm -f _csrc0.so
if [ -x .././build/simtop ]; then chmod -x .././build/simtop; fi
g++  -o .././build/simtop -no-pie  -Wl,--no-as-needed    -Wl,-rpath-link=./ -Wl,-rpath='$ORIGIN'/simtop.daidir/ \
-Wl,-rpath=./simtop.daidir/ -Wl,-rpath='$ORIGIN'/simtop.daidir//scsim.db.dir  -L/usr/lib/x86_64-linux-gnu \
-L/lib/x86_64-linux-gnu -Wl,--no-as-needed -Wl,--no-as-needed -rdynamic  -Wl,-rpath=/usr/Synopsys/vcs2018/vcs/O-2018.09-SP2/linux64/lib \
-L/usr/Synopsys/vcs2018/vcs/O-2018.09-SP2/linux64/lib    _348427_archive_1.so _csrc0.so \
SIM_l.o  _csrc0.so     rmapats_mop.o rmapats.o rmar.o rmar_nd.o  rmar_llvm_0_1.o \
rmar_llvm_0_0.o          -lzerosoft_rt_stubs -lvirsim -lerrorinf -lsnpsmalloc -lvfs \
/usr/Synopsys/verdi/verdi/Verdi_O-2018.09-SP2/share/PLI/VCS/LINUXAMD64/pli.a    -lvcsnew \
-lsimprofile -luclinative /usr/Synopsys/vcs2018/vcs/O-2018.09-SP2/linux64/lib/vcs_tls.o \
-Wl,-whole-archive -lvcsucli -Wl,-no-whole-archive       _vcs_pli_stub_.o   /usr/Synopsys/vcs2018/vcs/O-2018.09-SP2/linux64/lib/vcs_save_restore_new.o \
/usr/Synopsys/verdi/verdi/Verdi_O-2018.09-SP2/share/PLI/VCS/LINUX64/pli.a -ldl -lm \
-lc -lpthread -ldl 
.././build/simtop up to date
make[1]: Leaving directory '/home/gift/workplace/CourseDigitalIC/homework/ch6-7/Sqrt/csrc' \

CPU time: .220 seconds to compile + .237 seconds to elab + .229 seconds to link
