Initializing gui preferences from file  /home/gift/.synopsys_dv_prefs.tcl
#--------------------------Specify Libraries--------------------------
set DESIGN_PATH /opt/PDKs/smic_180/SM00LB501-FE-00000-r0p0-00rel0/aci/sc-m/synopsys 
/opt/PDKs/smic_180/SM00LB501-FE-00000-r0p0-00rel0/aci/sc-m/synopsys
set search_path "$search_path $DESIGN_PATH"
. /usr/Synopsys/dc2016/syn/L-2016.03-SP1/libraries/syn /usr/Synopsys/dc2016/syn/L-2016.03-SP1/minpower/syn /usr/Synopsys/dc2016/syn/L-2016.03-SP1/dw/syn_ver /usr/Synopsys/dc2016/syn/L-2016.03-SP1/dw/sim_ver /opt/PDKs/smic_180/SM00LB501-FE-00000-r0p0-00rel0/aci/sc-m/synopsys
set target_library "ss_1v62_125c.db"
ss_1v62_125c.db
set link_library "* $target_library"
* ss_1v62_125c.db
echo "\n\nSettings:"


Settings:
echo "search_path: $search_path"
search_path: . /usr/Synopsys/dc2016/syn/L-2016.03-SP1/libraries/syn /usr/Synopsys/dc2016/syn/L-2016.03-SP1/minpower/syn /usr/Synopsys/dc2016/syn/L-2016.03-SP1/dw/syn_ver /usr/Synopsys/dc2016/syn/L-2016.03-SP1/dw/sim_ver /opt/PDKs/smic_180/SM00LB501-FE-00000-r0p0-00rel0/aci/sc-m/synopsys
echo "link_library: $link_library"
link_library: * ss_1v62_125c.db
echo "target_library: $target_library"
target_library: ss_1v62_125c.db
echo "\n\nI'm Ready!"


I'm Ready!
#set search_path "$TAR_PATH $MEM_LINK_PATH"
#--------------------------Prepare Filelist---------------------------
set FILE_LIST ""
set f [open "../syn/filelist_syn.f" r]
file10
while {![eof $f]} {
    gets $f line
    append FILE_LIST "$line "
}
echo $FILE_LIST
/home/gift/workplace/CourseDigitalIC/homework/ch6-7/MatrixScan/src/sram.v /home/gift/workplace/CourseDigitalIC/homework/ch6-7/MatrixScan/src/top.v  
close $f
#--------------------------Read Designs------------------------------
set TOP_DESIGN top
top
analyze -format verilog $FILE_LIST 
Running PRESTO HDLC
Compiling source file /home/gift/workplace/CourseDigitalIC/homework/ch6-7/MatrixScan/src/sram.v
Compiling source file /home/gift/workplace/CourseDigitalIC/homework/ch6-7/MatrixScan/src/top.v
Presto compilation completed successfully.
Loading db file '/opt/PDKs/smic_180/SM00LB501-FE-00000-r0p0-00rel0/aci/sc-m/synopsys/ss_1v62_125c.db'
1
elaborate $TOP_DESIGN
Loading db file '/usr/Synopsys/dc2016/syn/L-2016.03-SP1/libraries/syn/gtech.db'
Loading db file '/usr/Synopsys/dc2016/syn/L-2016.03-SP1/libraries/syn/standard.sldb'
  Loading link library 'ss_1v62_125c'
  Loading link library 'gtech'
Running PRESTO HDLC

Statistics for case statements in always block at line 21 in file
        '/home/gift/workplace/CourseDigitalIC/homework/ch6-7/MatrixScan/src/top.v'
===============================================
|           Line           |  full/ parallel  |
===============================================
|            35            |    auto/auto     |
===============================================

Inferred memory devices in process
        in routine top line 21 in file
                '/home/gift/workplace/CourseDigitalIC/homework/ch6-7/MatrixScan/src/top.v'.
===============================================================================
|    Register Name    |   Type    | Width | Bus | MB | AR | AS | SR | SS | ST |
===============================================================================
|      cs_n_reg       | Flip-flop |   1   |  N  | N  | N  | Y  | N  | N  | N  |
|      r_en_reg       | Flip-flop |   1   |  N  | N  | Y  | N  | N  | N  | N  |
|      w_en_reg       | Flip-flop |   1   |  N  | N  | Y  | N  | N  | N  | N  |
|     vld_out_reg     | Flip-flop |   1   |  N  | N  | Y  | N  | N  | N  | N  |
|      addr_reg       | Flip-flop |   6   |  Y  | N  | N  | Y  | N  | N  | N  |
===============================================================================
Presto compilation completed successfully.
Elaborated 1 design.
Current design is now 'top'.
Information: Building the design 'sram' instantiated from design 'top' with
        the parameters "ADDR_DEPTH=6,DATA_WIDTH=10,DATA_DEPTH=64". (HDL-193)

Inferred memory devices in process
        in routine sram_ADDR_DEPTH6_DATA_WIDTH10_DATA_DEPTH64 line 19 in file
                '/home/gift/workplace/CourseDigitalIC/homework/ch6-7/MatrixScan/src/sram.v'.
===============================================================================
|    Register Name    |   Type    | Width | Bus | MB | AR | AS | SR | SS | ST |
===============================================================================
|       mem_reg       | Flip-flop |  640  |  Y  | N  | Y  | N  | N  | N  | N  |
===============================================================================

Inferred memory devices in process
        in routine sram_ADDR_DEPTH6_DATA_WIDTH10_DATA_DEPTH64 line 30 in file
                '/home/gift/workplace/CourseDigitalIC/homework/ch6-7/MatrixScan/src/sram.v'.
===============================================================================
|    Register Name    |   Type    | Width | Bus | MB | AR | AS | SR | SS | ST |
===============================================================================
|      dout_reg       | Flip-flop |  10   |  Y  | N  | Y  | N  | N  | N  | N  |
===============================================================================
Statistics for MUX_OPs
===================================================================================
|               block name/line                 | Inputs | Outputs | # sel inputs |
===================================================================================
| sram_ADDR_DEPTH6_DATA_WIDTH10_DATA_DEPTH64/35 |   64   |   10    |      6       |
===================================================================================
Presto compilation completed successfully.
1
#------------------------Set Current Design&&Link Designs--------------------------
#current_design $TOP_DESIGN(auto)
#link(auto)
#-------------------------------SDC----------------------------------
source ../syn/script/Sdc.tcl
1
#--------------------Map and Optimize the Design---------------------
compile_ultra -no_autoungroup -incremental -no_boundary_optimization
Warning: The value of variable 'compile_preserve_subdesign_interfaces' has been changed to true because '-no_boundary_optimization' is used. (OPT-133)
Information: Starting from 2013.12 release, constant propagation is enabled even when boundary optimization is disabled. (OPT-1318)
Information: Performing power optimization. (PWR-850)
Analyzing: "/opt/PDKs/smic_180/SM00LB501-FE-00000-r0p0-00rel0/aci/sc-m/synopsys/ss_1v62_125c.db"
Library analysis succeeded.
Loading db file '/usr/Synopsys/dc2016/syn/L-2016.03-SP1/libraries/syn/dw_foundation.sldb'
Warning: DesignWare synthetic library dw_foundation.sldb is added to the synthetic_library in the current command. (UISN-40)
Information: Evaluating DesignWare library utilization. (UISN-27)

============================================================================
| DesignWare Building Block Library  |         Version         | Available |
============================================================================
| Basic DW Building Blocks           | L-2016.03-DWBB_201603.1 |     *     |
| Licensed DW Building Blocks        | L-2016.03-DWBB_201603.1 |     *     |
============================================================================


Information: There are 1 potential problems in your design. Please run 'check_design' for more information. (LINT-99)


Loaded alib file './alib-52/ss_1v62_125c.db.alib'
Information: State dependent leakage is now switched from on to off.

  Beginning Pass 1 Mapping  (Incremental)
  ------------------------
  Processing 'sram_ADDR_DEPTH6_DATA_WIDTH10_DATA_DEPTH64'
  Processing 'top'

  Updating timing information
Information: Updating design information... (UID-85)
Information: The library cell 'HOLDX1M' in the library 'ss_1v62_125c' is not characterized for internal power. (PWR-536)
Information: The target library(s) contains cell(s), other than black boxes, that are not characterized for internal power. (PWR-24)
  Mapping 'top_DW01_inc_0'

                                  TOTAL                                                
   ELAPSED            WORST NEG   SETUP    DESIGN                              LEAKAGE 
    TIME      AREA      SLACK     COST    RULE COST         ENDPOINT            POWER  
  --------- --------- --------- --------- --------- ------------------------- ---------
    0:00:06  104904.2      0.00       0.0      10.8                           6174846.5000
    0:00:06  104904.2      0.00       0.0      10.8                           6174846.5000

  Beginning Mapping Optimizations  (Ultra High effort)  (Incremental)
  -------------------------------
Information: Added key list 'DesignWare' to design 'top'. (DDB-72)

  Beginning Incremental Implementation Selection
  ----------------------------------------------
    0:00:07   99965.0      0.00       0.0       4.6                           5714134.0000
    0:00:07   99965.0      0.00       0.0       4.6                           5714134.0000
    0:00:07   99965.0      0.00       0.0       4.6                           5714134.0000
    0:00:07   99965.0      0.00       0.0       4.6                           5714134.0000
  Global Optimization (Phase 1)
  Global Optimization (Phase 2)
  Global Optimization (Phase 3)
  Global Optimization (Phase 4)
  Global Optimization (Phase 5)
  Global Optimization (Phase 6)



  Beginning Delay Optimization Phase
  ----------------------------------

                                  TOTAL                                                
   ELAPSED            WORST NEG   SETUP    DESIGN                              LEAKAGE 
    TIME      AREA      SLACK     COST    RULE COST         ENDPOINT            POWER  
  --------- --------- --------- --------- --------- ------------------------- ---------
    0:00:07   97504.2      0.00       0.0       4.6                           5450132.5000
    0:00:07   97504.2      0.00       0.0       4.6                           5450132.5000
    0:00:07   91665.0      0.00       0.0       4.6                           4741621.0000
    0:00:07   91665.0      0.00       0.0       4.6                           4741621.0000
    0:00:07   91665.0      0.00       0.0       4.6                           4741621.0000
    0:00:07   91665.0      0.00       0.0       4.6                           4741621.0000
    0:00:07   91665.0      0.00       0.0       4.6                           4741621.0000

  Beginning Delay Optimization
  ----------------------------
    0:00:07   91665.0      0.00       0.0       4.6                           4741621.0000
    0:00:07   91665.0      0.00       0.0       4.6                           4741621.0000
    0:00:07   91665.0      0.00       0.0       4.6                           4741621.0000
    0:00:07   91665.0      0.00       0.0       4.6                           4741621.0000
    0:00:07   91665.0      0.00       0.0       4.6                           4741621.0000
    0:00:08   54102.9      0.00       0.0       4.6                           1774417.5000


  Beginning Design Rule Fixing  (max_transition)
  ----------------------------

                                  TOTAL                                                
   ELAPSED            WORST NEG   SETUP    DESIGN                              LEAKAGE 
    TIME      AREA      SLACK     COST    RULE COST         ENDPOINT            POWER  
  --------- --------- --------- --------- --------- ------------------------- ---------
    0:00:08   54102.9      0.00       0.0       4.6                           1774417.5000
    0:00:08   54111.7      0.00       0.0       0.0                           1774631.5000
    0:00:09   54111.7      0.00       0.0       0.0                           1648251.5000
    0:00:09   54111.7      0.00       0.0       0.0                           1648251.5000
    0:00:09   54111.7      0.00       0.0       0.0                           1648251.5000
    0:00:09   54111.7      0.00       0.0       0.0                           1648251.5000
    0:00:09   54111.7      0.00       0.0       0.0                           1648251.5000
    0:00:09   54111.7      0.00       0.0       0.0                           1648251.5000
    0:00:09   54111.7      0.00       0.0       0.0                           1648251.5000
    0:00:09   54111.7      0.00       0.0       0.0                           1648251.5000
    0:00:09   54111.7      0.00       0.0       0.0                           1648251.5000


  Beginning Leakage Power Optimization  (max_leakage_power 0)
  ------------------------------------

                                  TOTAL                                                
   ELAPSED            WORST NEG   SETUP    DESIGN                              LEAKAGE 
    TIME      AREA      SLACK     COST    RULE COST         ENDPOINT            POWER  
  --------- --------- --------- --------- --------- ------------------------- ---------
    0:00:09   54111.7      0.00       0.0       0.0                           1648251.5000
    0:00:09   53345.6      0.00       0.0       0.0                           1624919.3750
    0:00:09   53345.6      0.00       0.0       0.0                           1620390.0000
    0:00:09   53345.6      0.00       0.0       0.0                           1620390.0000
    0:00:09   53345.6      0.00       0.0       0.0                           1620390.0000
    0:00:09   53345.6      0.00       0.0       0.0                           1620390.0000
    0:00:09   53345.6      0.00       0.0       0.0                           1620390.0000
    0:00:09   53345.6      0.00       0.0       0.0                           1620390.0000
    0:00:09   53345.6      0.00       0.0       0.0                           1620390.0000
    0:00:09   53345.6      0.00       0.0       0.0                           1620390.0000
    0:00:09   53345.6      0.00       0.0       0.0                           1620390.0000
    0:00:09   53345.6      0.00       0.0       0.0                           1620390.0000

                                  TOTAL                                                
   ELAPSED            WORST NEG   SETUP    DESIGN                              LEAKAGE 
    TIME      AREA      SLACK     COST    RULE COST         ENDPOINT            POWER  
  --------- --------- --------- --------- --------- ------------------------- ---------
    0:00:09   53345.6      0.00       0.0       0.0                           1620390.0000
    0:00:09   53345.6      0.00       0.0       0.0                           1620390.0000
    0:00:09   53336.8      0.00       0.0       0.0                           1618858.3750
    0:00:09   53336.8      0.00       0.0       0.0                           1618858.3750
Loading db file '/opt/PDKs/smic_180/SM00LB501-FE-00000-r0p0-00rel0/aci/sc-m/synopsys/ss_1v62_125c.db'


Note: Symbol # after min delay cost means estimated hold TNS across all active scenarios 


  Optimization Complete
  ---------------------
Information: State dependent leakage is now switched from off to on.
Information: Propagating switching activity (low effort zero delay simulation). (PWR-6)
1
#----------------------Save Design Database--------------------------
change_names -rules verilog -hierarchy
1
set_fix_multiple_port_nets -all -buffer_constants
1
#---------------Check the Synthesized Design for Consistency---------
check_design -summary > ../syn/report/check_design.rpt
check_timing > ../syn/report/check_timing.rpt
#---------------------Report Timing and Area-------------------------
report_qor                  > ../syn/report/$TOP_DESIGN.qor_rpt
report_timing -max_paths 1000 > ../syn/report/$TOP_DESIGN.timing_rpt
report_timing -path full    > ../syn/report/$TOP_DESIGN.full_timing_rpt
report_timing -delay max    > ../syn/report/$TOP_DESIGN.setup_timing_rpt
report_timing -delay min    > ../syn/report/$TOP_DESIGN.hold_timing_rpt
report_reference            > ../syn/report/$TOP_DESIGN.ref_rpt
report_area                 > ../syn/report/$TOP_DESIGN.area_rpt
report_constraints          > ../syn/report/$TOP_DESIGN.const_rpt
report_constraint -all_violators > ../syn/report/$TOP_DESIGN.violators_rpt
report_power > ../syn/report/$TOP_DESIGN.power_rpt
check_timing > ../syn/log/last_check_timing.log
#---------------------Generate Files -------------------------
write -f verilog -hierarchy -output ../syn/mapped/$TOP_DESIGN.v
Writing verilog file '/home/gift/workplace/CourseDigitalIC/homework/ch6-7/MatrixScan/syn/mapped/top.v'.
1
write_sdc ../syn/mapped/$TOP_DESIGN.sdc
1
write_sdf -context verilog ../syn/mapped/$TOP_DESIGN.sdf
Information: Annotated 'cell' delays are assumed to include load delay. (UID-282)
Information: Writing timing information to file '/home/gift/workplace/CourseDigitalIC/homework/ch6-7/MatrixScan/syn/mapped/top.sdf'. (WT-3)
1
1
dc_shell> quit

Memory usage for main task 175 Mbytes.
Memory usage for this session 175 Mbytes.
CPU usage for this session 72 seconds ( 0.02 hours ).

Thank you...

