Initializing gui preferences from file  /home/gift/.synopsys_dv_prefs.tcl
#--------------------------Specify Libraries--------------------------
set DESIGN_PATH /opt/PDKs/smic_180/SM00LB501-FE-00000-r0p0-00rel0/aci/sc-m/synopsys 
/opt/PDKs/smic_180/SM00LB501-FE-00000-r0p0-00rel0/aci/sc-m/synopsys
set search_path "$search_path $DESIGN_PATH"
. /usr/Synopsys/dc2016/syn/L-2016.03-SP1/libraries/syn /usr/Synopsys/dc2016/syn/L-2016.03-SP1/minpower/syn /usr/Synopsys/dc2016/syn/L-2016.03-SP1/dw/syn_ver /usr/Synopsys/dc2016/syn/L-2016.03-SP1/dw/sim_ver /opt/PDKs/smic_180/SM00LB501-FE-00000-r0p0-00rel0/aci/sc-m/synopsys
set target_library "ss_1v62_125c.db"
ss_1v62_125c.db
set link_library "* $target_library"
* ss_1v62_125c.db
echo "\n\nSettings:"


Settings:
echo "search_path: $search_path"
search_path: . /usr/Synopsys/dc2016/syn/L-2016.03-SP1/libraries/syn /usr/Synopsys/dc2016/syn/L-2016.03-SP1/minpower/syn /usr/Synopsys/dc2016/syn/L-2016.03-SP1/dw/syn_ver /usr/Synopsys/dc2016/syn/L-2016.03-SP1/dw/sim_ver /opt/PDKs/smic_180/SM00LB501-FE-00000-r0p0-00rel0/aci/sc-m/synopsys
echo "link_library: $link_library"
link_library: * ss_1v62_125c.db
echo "target_library: $target_library"
target_library: ss_1v62_125c.db
echo "\n\nI'm Ready!"


I'm Ready!
#set search_path "$TAR_PATH $MEM_LINK_PATH"
#--------------------------Prepare Filelist---------------------------
set FILE_LIST ""
set f [open "../syn/filelist_syn.f" r]
file10
while {![eof $f]} {
    gets $f line
    append FILE_LIST "$line "
}
echo $FILE_LIST
/home/gift/workplace/CourseDigitalIC/homework/ch3/BinToBCD/src/BinToBCD_m1.v /home/gift/workplace/CourseDigitalIC/homework/ch3/BinToBCD/src/BinToBCD_m2.v /home/gift/workplace/CourseDigitalIC/homework/ch3/BinToBCD/src/top.v  
close $f
#--------------------------Read Designs------------------------------
set TOP_DESIGN top
top
analyze -format verilog $FILE_LIST -define M1
Running PRESTO HDLC
Compiling source file /home/gift/workplace/CourseDigitalIC/homework/ch3/BinToBCD/src/BinToBCD_m1.v
Compiling source file /home/gift/workplace/CourseDigitalIC/homework/ch3/BinToBCD/src/BinToBCD_m2.v
Compiling source file /home/gift/workplace/CourseDigitalIC/homework/ch3/BinToBCD/src/top.v
Warning:  /home/gift/workplace/CourseDigitalIC/homework/ch3/BinToBCD/src/top.v:21: Redeclaration of port 'bcd_out'. (VER-331)
Presto compilation completed successfully.
Loading db file '/opt/PDKs/smic_180/SM00LB501-FE-00000-r0p0-00rel0/aci/sc-m/synopsys/ss_1v62_125c.db'
1
elaborate $TOP_DESIGN
Loading db file '/usr/Synopsys/dc2016/syn/L-2016.03-SP1/libraries/syn/gtech.db'
Loading db file '/usr/Synopsys/dc2016/syn/L-2016.03-SP1/libraries/syn/standard.sldb'
  Loading link library 'ss_1v62_125c'
  Loading link library 'gtech'
Running PRESTO HDLC
Warning:  /home/gift/workplace/CourseDigitalIC/homework/ch3/BinToBCD/src/top.v:30: Net bcd_out_r connected to instance BinToBCD_m1_u0 is declared as reg data type but is not driven by an always block. (VER-1004)

Inferred memory devices in process
        in routine top line 53 in file
                '/home/gift/workplace/CourseDigitalIC/homework/ch3/BinToBCD/src/top.v'.
===============================================================================
|    Register Name    |   Type    | Width | Bus | MB | AR | AS | SR | SS | ST |
===============================================================================
|     bcd_out_reg     | Flip-flop |  10   |  Y  | N  | N  | N  | N  | N  | N  |
|    bin_in_r_reg     | Flip-flop |   8   |  Y  | N  | N  | N  | N  | N  | N  |
===============================================================================
Presto compilation completed successfully.
Elaborated 1 design.
Current design is now 'top'.
Information: Building the design 'BinToBCD_m1'. (HDL-193)
Presto compilation completed successfully.
1
#------------------------Set Current Design&&Link Designs--------------------------
#current_design $TOP_DESIGN(auto)
#link(auto)
#-------------------------------SDC----------------------------------
source ../syn/script/Sdc.tcl
1
#--------------------Map and Optimize the Design---------------------
compile_ultra -no_autoungroup -incremental -no_boundary_optimization
Warning: The value of variable 'compile_preserve_subdesign_interfaces' has been changed to true because '-no_boundary_optimization' is used. (OPT-133)
Information: Starting from 2013.12 release, constant propagation is enabled even when boundary optimization is disabled. (OPT-1318)
Information: Performing power optimization. (PWR-850)
Alib files are up-to-date.
Loading db file '/usr/Synopsys/dc2016/syn/L-2016.03-SP1/libraries/syn/dw_foundation.sldb'
Warning: DesignWare synthetic library dw_foundation.sldb is added to the synthetic_library in the current command. (UISN-40)
Information: Evaluating DesignWare library utilization. (UISN-27)

============================================================================
| DesignWare Building Block Library  |         Version         | Available |
============================================================================
| Basic DW Building Blocks           | L-2016.03-DWBB_201603.1 |     *     |
| Licensed DW Building Blocks        | L-2016.03-DWBB_201603.1 |     *     |
============================================================================


Information: There are 2 potential problems in your design. Please run 'check_design' for more information. (LINT-99)


Loaded alib file './alib-52/ss_1v62_125c.db.alib'
Information: State dependent leakage is now switched from on to off.

  Beginning Pass 1 Mapping  (Incremental)
  ------------------------
  Processing 'BinToBCD_m1'
  Processing 'top'

  Updating timing information
Information: Updating design information... (UID-85)
Information: The library cell 'HOLDX1M' in the library 'ss_1v62_125c' is not characterized for internal power. (PWR-536)
Information: The target library(s) contains cell(s), other than black boxes, that are not characterized for internal power. (PWR-24)
  Processing 'BinToBCD_m1_DW_div_uns_0'
  Mapping 'DW01_add'
  Mapping 'DW01_add'
  Mapping 'DW01_add'
  Mapping 'DW01_add'
  Mapping 'DW01_add'
  Mapping 'DW01_add'
  Mapping 'DW01_add'
  Processing 'BinToBCD_m1_DW_div_uns_1'
  Mapping 'DW01_add'
  Mapping 'DW01_add'
  Mapping 'DW01_add'
  Mapping 'DW01_add'
  Mapping 'DW01_add'
  Mapping 'DW01_add'
  Mapping 'DW01_add'
  Processing 'BinToBCD_m1_DW_div_uns_2'
  Mapping 'DW01_add'
  Mapping 'DW01_add'
  Mapping 'DW01_add'
  Mapping 'DW01_add'
  Mapping 'DW01_add'
  Mapping 'DW01_add'
  Mapping 'DW01_add'
  Processing 'BinToBCD_m1_DW_div_uns_3'
  Mapping 'DW01_add'
  Mapping 'DW01_add'
  Mapping 'DW01_add'
  Mapping 'DW01_add'
  Mapping 'BinToBCD_m1_DW01_add_0'
  Mapping 'BinToBCD_m1_DW01_add_1'
  Mapping 'BinToBCD_m1_DW01_add_2'

                                  TOTAL                                                
   ELAPSED            WORST NEG   SETUP    DESIGN                              LEAKAGE 
    TIME      AREA      SLACK     COST    RULE COST         ENDPOINT            POWER  
  --------- --------- --------- --------- --------- ------------------------- ---------
    0:00:02    3830.6      2.82      21.1       0.0                           231364.6719
    0:00:02    3830.6      2.82      21.1       0.0                           231364.6719

  Beginning Mapping Optimizations  (Ultra High effort)  (Incremental)
  -------------------------------
Information: Added key list 'DesignWare' to design 'BinToBCD_m1'. (DDB-72)

  Beginning Incremental Implementation Selection
  ----------------------------------------------
  Structuring 'BinToBCD_m1_DW_div_uns_4'
  Mapping 'BinToBCD_m1_DW_div_uns_4'
  Mapping 'BinToBCD_m1_DW01_add_4'
  Mapping 'BinToBCD_m1_DW01_sub_0'
  Mapping 'BinToBCD_m1_DW01_add_6'
  Mapping 'BinToBCD_m1_DW01_add_7'
  Mapping 'BinToBCD_m1_DW01_add_8'
  Mapping 'BinToBCD_m1_DW01_add_13'
  Mapping 'BinToBCD_m1_DW01_add_14'
  Mapping 'BinToBCD_m1_DW01_add_15'
  Mapping 'BinToBCD_m1_DW01_add_16'
  Mapping 'BinToBCD_m1_DW01_add_17'
  Mapping 'BinToBCD_m1_DW01_add_18'
  Mapping 'BinToBCD_m1_DW01_add_19'
  Mapping 'BinToBCD_m1_DW01_add_20'
  Mapping 'BinToBCD_m1_DW01_add_21'
  Mapping 'BinToBCD_m1_DW01_add_22'
  Mapping 'BinToBCD_m1_DW01_add_23'
  Mapping 'BinToBCD_m1_DW01_add_24'
  Mapping 'BinToBCD_m1_DW01_add_25'
  Mapping 'BinToBCD_m1_DW01_add_26'
  Structuring 'BinToBCD_m1_DW_div_uns_5'
  Mapping 'BinToBCD_m1_DW_div_uns_5'
  Mapping 'BinToBCD_m1_DW01_add_28'
  Mapping 'BinToBCD_m1_DW01_sub_1'
  Mapping 'BinToBCD_m1_DW01_add_30'
  Mapping 'BinToBCD_m1_DW01_add_31'
  Mapping 'BinToBCD_m1_DW01_add_32'
  Mapping 'BinToBCD_m1_DW01_add_37'
  Mapping 'BinToBCD_m1_DW01_add_38'
  Mapping 'BinToBCD_m1_DW01_add_39'
  Mapping 'BinToBCD_m1_DW01_add_40'
  Mapping 'BinToBCD_m1_DW01_add_41'
  Mapping 'BinToBCD_m1_DW01_add_42'
  Mapping 'BinToBCD_m1_DW01_add_43'
  Mapping 'BinToBCD_m1_DW01_add_44'
  Mapping 'BinToBCD_m1_DW01_add_45'
  Mapping 'BinToBCD_m1_DW01_add_46'
  Mapping 'BinToBCD_m1_DW01_add_47'
  Mapping 'BinToBCD_m1_DW01_add_48'
  Mapping 'BinToBCD_m1_DW01_add_49'
  Mapping 'BinToBCD_m1_DW01_add_50'
  Mapping 'BinToBCD_m1_DW01_add_51'
  Mapping 'BinToBCD_m1_DW01_add_52'
  Mapping 'BinToBCD_m1_DW01_add_53'
  Mapping 'BinToBCD_m1_DW01_add_54'
  Mapping 'BinToBCD_m1_DW01_add_55'
  Mapping 'BinToBCD_m1_DW01_add_56'
  Mapping 'BinToBCD_m1_DW01_add_60'
  Mapping 'BinToBCD_m1_DW01_add_62'
  Mapping 'BinToBCD_m1_DW01_add_67'
  Mapping 'BinToBCD_m1_DW01_add_68'
  Mapping 'BinToBCD_m1_DW01_add_69'
  Mapping 'BinToBCD_m1_DW01_add_70'
  Mapping 'BinToBCD_m1_DW01_add_74'
  Mapping 'BinToBCD_m1_DW01_add_76'
  Mapping 'BinToBCD_m1_DW01_add_81'
  Mapping 'BinToBCD_m1_DW01_add_82'
  Mapping 'BinToBCD_m1_DW01_add_83'
  Mapping 'BinToBCD_m1_DW01_add_84'
    0:00:05    9259.4      1.26       9.5       0.0                           665725.6250
    0:00:05    9259.4      1.26       9.5       0.0                           665725.6250
    0:00:05    9259.4      1.26       9.5       0.0                           665725.6250
    0:00:05    9090.3      1.11       7.9       0.0                           646586.1250
  Global Optimization (Phase 1)
  Global Optimization (Phase 2)
  Global Optimization (Phase 3)
  Global Optimization (Phase 4)
  Global Optimization (Phase 5)
  Global Optimization (Phase 6)



  Beginning Delay Optimization Phase
  ----------------------------------

                                  TOTAL                                                
   ELAPSED            WORST NEG   SETUP    DESIGN                              LEAKAGE 
    TIME      AREA      SLACK     COST    RULE COST         ENDPOINT            POWER  
  --------- --------- --------- --------- --------- ------------------------- ---------
    0:00:05    6611.9      0.00       0.0       0.0                           401790.3438
    0:00:05    6611.9      0.00       0.0       0.0                           401790.3438
    0:00:05    5898.5      0.00       0.0       0.0                           335953.6875
    0:00:05    5898.5      0.00       0.0       0.0                           335953.6875
    0:00:05    5898.5      0.00       0.0       0.0                           335953.6875
    0:00:05    5898.5      0.00       0.0       0.0                           335953.6875
    0:00:05    5898.5      0.00       0.0       0.0                           335953.6875

  Beginning Delay Optimization
  ----------------------------
    0:00:05    5898.5      0.00       0.0       0.0                           335953.6875
    0:00:05    5898.5      0.00       0.0       0.0                           335953.6875
    0:00:05    5898.5      0.00       0.0       0.0                           335953.6875
    0:00:05    5898.5      0.00       0.0       0.0                           335953.6875
    0:00:05    5898.5      0.00       0.0       0.0                           335953.6875
    0:00:05    5896.3      0.00       0.0       0.0                           335668.0000
    0:00:05    5896.3      0.00       0.0       0.0                           335668.0000
    0:00:05    5843.6      0.00       0.0       0.0                           328435.6875
    0:00:05    5843.6      0.00       0.0       0.0                           328435.6875
    0:00:05    5843.6      0.00       0.0       0.0                           328435.6875
    0:00:05    5843.6      0.00       0.0       0.0                           328435.6875
    0:00:05    5843.6      0.00       0.0       0.0                           328435.6875
    0:00:05    5843.6      0.00       0.0       0.0                           328435.6875
    0:00:05    5843.6      0.00       0.0       0.0                           328435.6875
    0:00:05    5843.6      0.00       0.0       0.0                           328435.6875
    0:00:05    5843.6      0.00       0.0       0.0                           328435.6875


  Beginning Leakage Power Optimization  (max_leakage_power 0)
  ------------------------------------

                                  TOTAL                                                
   ELAPSED            WORST NEG   SETUP    DESIGN                              LEAKAGE 
    TIME      AREA      SLACK     COST    RULE COST         ENDPOINT            POWER  
  --------- --------- --------- --------- --------- ------------------------- ---------
    0:00:05    5843.6      0.00       0.0       0.0                           328435.6875
    0:00:05    5613.1      0.00       0.0       0.0                           306055.4062
    0:00:05    5580.2      0.00       0.0       0.0                           304031.0000
    0:00:05    5580.2      0.00       0.0       0.0                           304031.0000
    0:00:05    5580.2      0.00       0.0       0.0                           304031.0000
    0:00:05    5580.2      0.00       0.0       0.0                           304031.0000
    0:00:05    5580.2      0.00       0.0       0.0                           304031.0000
    0:00:05    5580.2      0.00       0.0       0.0                           304031.0000
    0:00:05    5580.2      0.00       0.0       0.0                           304031.0000
    0:00:05    5580.2      0.00       0.0       0.0                           304031.0000
    0:00:05    5580.2      0.00       0.0       0.0                           304031.0000
    0:00:05    5580.2      0.00       0.0       0.0                           304031.0000

                                  TOTAL                                                
   ELAPSED            WORST NEG   SETUP    DESIGN                              LEAKAGE 
    TIME      AREA      SLACK     COST    RULE COST         ENDPOINT            POWER  
  --------- --------- --------- --------- --------- ------------------------- ---------
    0:00:05    5580.2      0.00       0.0       0.0                           304031.0000
    0:00:05    5580.2      0.00       0.0       0.0                           304031.0000
    0:00:05    4166.5      0.00       0.0       0.0                           162271.6094
    0:00:05    4166.5      0.00       0.0       0.0                           162271.6094
    0:00:05    4045.8      0.00       0.0       0.0                           152584.2812
Loading db file '/opt/PDKs/smic_180/SM00LB501-FE-00000-r0p0-00rel0/aci/sc-m/synopsys/ss_1v62_125c.db'


Note: Symbol # after min delay cost means estimated hold TNS across all active scenarios 


  Optimization Complete
  ---------------------
Information: State dependent leakage is now switched from off to on.
Information: Propagating switching activity (low effort zero delay simulation). (PWR-6)
1
#----------------------Save Design Database--------------------------
change_names -rules verilog -hierarchy
Warning: In the design BinToBCD_m1_DW01_add_14, net 'A[1]' is connecting multiple ports. (UCN-1)
Warning: In the design BinToBCD_m1_DW01_add_14, net 'A[0]' is connecting multiple ports. (UCN-1)
Warning: In the design BinToBCD_m1_DW01_add_15, net 'A[0]' is connecting multiple ports. (UCN-1)
Warning: In the design BinToBCD_m1_DW01_add_20, net 'A[0]' is connecting multiple ports. (UCN-1)
Warning: In the design BinToBCD_m1_DW01_add_21, net 'A[1]' is connecting multiple ports. (UCN-1)
Warning: In the design BinToBCD_m1_DW01_add_21, net 'A[0]' is connecting multiple ports. (UCN-1)
Warning: In the design BinToBCD_m1_DW01_add_22, net 'A[0]' is connecting multiple ports. (UCN-1)
Warning: In the design BinToBCD_m1_DW01_add_24, net 'A[0]' is connecting multiple ports. (UCN-1)
Warning: In the design BinToBCD_m1_DW01_add_25, net 'A[1]' is connecting multiple ports. (UCN-1)
Warning: In the design BinToBCD_m1_DW01_add_25, net 'A[0]' is connecting multiple ports. (UCN-1)
Warning: In the design BinToBCD_m1_DW01_add_26, net 'A[0]' is connecting multiple ports. (UCN-1)
Warning: In the design BinToBCD_m1_DW01_add_37, net 'A[0]' is connecting multiple ports. (UCN-1)
Warning: In the design BinToBCD_m1_DW01_add_39, net 'A[0]' is connecting multiple ports. (UCN-1)
Warning: In the design BinToBCD_m1_DW01_add_51, net 'A[1]' is connecting multiple ports. (UCN-1)
Warning: In the design BinToBCD_m1_DW01_add_51, net 'A[0]' is connecting multiple ports. (UCN-1)
Warning: In the design BinToBCD_m1_DW01_add_53, net 'A[0]' is connecting multiple ports. (UCN-1)
Warning: In the design BinToBCD_m1_DW01_add_55, net 'A[2]' is connecting multiple ports. (UCN-1)
Warning: In the design BinToBCD_m1_DW01_add_55, net 'A[1]' is connecting multiple ports. (UCN-1)
Warning: In the design BinToBCD_m1_DW01_add_55, net 'A[0]' is connecting multiple ports. (UCN-1)
1
set_fix_multiple_port_nets -all -buffer_constants
1
#---------------Check the Synthesized Design for Consistency---------
check_design -summary > ../syn/report/check_design.rpt
check_timing > ../syn/report/check_timing.rpt
#---------------------Report Timing and Area-------------------------
report_qor                  > ../syn/report/$TOP_DESIGN.qor_rpt
report_timing -max_paths 1000 > ../syn/report/$TOP_DESIGN.timing_rpt
report_timing -path full    > ../syn/report/$TOP_DESIGN.full_timing_rpt
report_timing -delay max    > ../syn/report/$TOP_DESIGN.setup_timing_rpt
report_timing -delay min    > ../syn/report/$TOP_DESIGN.hold_timing_rpt
report_reference            > ../syn/report/$TOP_DESIGN.ref_rpt
report_area                 > ../syn/report/$TOP_DESIGN.area_rpt
report_constraints          > ../syn/report/$TOP_DESIGN.const_rpt
report_constraint -all_violators > ../syn/report/$TOP_DESIGN.violators_rpt
report_power > ../syn/report/$TOP_DESIGN.power_rpt
check_timing > ../syn/log/last_check_timing.log
#---------------------Generate Files -------------------------
write -f verilog -hierarchy -output ../syn/mapped/$TOP_DESIGN.v
Writing verilog file '/home/gift/workplace/CourseDigitalIC/homework/ch3/BinToBCD/syn/mapped/top.v'.
Warning: Verilog 'assign' or 'tran' statements are written out. (VO-4)
1
write_sdc ../syn/mapped/$TOP_DESIGN.sdc
1
write_sdf -context verilog ../syn/mapped/$TOP_DESIGN.sdf
Information: Annotated 'cell' delays are assumed to include load delay. (UID-282)
Information: Writing timing information to file '/home/gift/workplace/CourseDigitalIC/homework/ch3/BinToBCD/syn/mapped/top.sdf'. (WT-3)
1
1
dc_shell> quit

Memory usage for main task 178 Mbytes.
Memory usage for this session 178 Mbytes.
CPU usage for this session 6 seconds ( 0.00 hours ).

Thank you...

