Initializing gui preferences from file  /home/gift/.synopsys_dv_prefs.tcl
#--------------------------Specify Libraries--------------------------
set DESIGN_PATH /opt/PDKs/smic_180/SM00LB501-FE-00000-r0p0-00rel0/aci/sc-m/synopsys 
/opt/PDKs/smic_180/SM00LB501-FE-00000-r0p0-00rel0/aci/sc-m/synopsys
set search_path "$search_path $DESIGN_PATH"
. /usr/Synopsys/dc2016/syn/L-2016.03-SP1/libraries/syn /usr/Synopsys/dc2016/syn/L-2016.03-SP1/minpower/syn /usr/Synopsys/dc2016/syn/L-2016.03-SP1/dw/syn_ver /usr/Synopsys/dc2016/syn/L-2016.03-SP1/dw/sim_ver /opt/PDKs/smic_180/SM00LB501-FE-00000-r0p0-00rel0/aci/sc-m/synopsys
set target_library "ss_1v62_125c.db"
ss_1v62_125c.db
set link_library "* $target_library"
* ss_1v62_125c.db
echo "\n\nSettings:"


Settings:
echo "search_path: $search_path"
search_path: . /usr/Synopsys/dc2016/syn/L-2016.03-SP1/libraries/syn /usr/Synopsys/dc2016/syn/L-2016.03-SP1/minpower/syn /usr/Synopsys/dc2016/syn/L-2016.03-SP1/dw/syn_ver /usr/Synopsys/dc2016/syn/L-2016.03-SP1/dw/sim_ver /opt/PDKs/smic_180/SM00LB501-FE-00000-r0p0-00rel0/aci/sc-m/synopsys
echo "link_library: $link_library"
link_library: * ss_1v62_125c.db
echo "target_library: $target_library"
target_library: ss_1v62_125c.db
echo "\n\nI'm Ready!"


I'm Ready!
#set search_path "$TAR_PATH $MEM_LINK_PATH"
#--------------------------Prepare Filelist---------------------------
set FILE_LIST ""
set f [open "../syn/filelist_syn.f" r]
file10
while {![eof $f]} {
    gets $f line
    append FILE_LIST "$line "
}
echo $FILE_LIST
/home/gift/workplace/CourseDigitalIC/homework/ch6-7/AHBSram/src/sram.v /home/gift/workplace/CourseDigitalIC/homework/ch6-7/AHBSram/src/top.v  
close $f
#--------------------------Read Designs------------------------------
set TOP_DESIGN top
top
analyze -format verilog $FILE_LIST 
Running PRESTO HDLC
Compiling source file /home/gift/workplace/CourseDigitalIC/homework/ch6-7/AHBSram/src/sram.v
Compiling source file /home/gift/workplace/CourseDigitalIC/homework/ch6-7/AHBSram/src/top.v
Presto compilation completed successfully.
Loading db file '/opt/PDKs/smic_180/SM00LB501-FE-00000-r0p0-00rel0/aci/sc-m/synopsys/ss_1v62_125c.db'
1
elaborate $TOP_DESIGN
Loading db file '/usr/Synopsys/dc2016/syn/L-2016.03-SP1/libraries/syn/gtech.db'
Loading db file '/usr/Synopsys/dc2016/syn/L-2016.03-SP1/libraries/syn/standard.sldb'
  Loading link library 'ss_1v62_125c'
  Loading link library 'gtech'
Running PRESTO HDLC

Statistics for case statements in always block at line 31 in file
        '/home/gift/workplace/CourseDigitalIC/homework/ch6-7/AHBSram/src/top.v'
===============================================
|           Line           |  full/ parallel  |
===============================================
|            48            |    auto/auto     |
===============================================

Inferred memory devices in process
        in routine top line 31 in file
                '/home/gift/workplace/CourseDigitalIC/homework/ch6-7/AHBSram/src/top.v'.
===============================================================================
|    Register Name    |   Type    | Width | Bus | MB | AR | AS | SR | SS | ST |
===============================================================================
|      hresp_reg      |   Latch   |   2   |  Y  | N  | Y  | N  | -  | -  | -  |
|     sram_a_reg      | Flip-flop |  12   |  Y  | N  | Y  | N  | N  | N  | N  |
|    sram_wen_reg     | Flip-flop |   1   |  N  | N  | Y  | N  | N  | N  | N  |
|    sram_csn_reg     |   Latch   |   1   |  N  | N  | Y  | N  | -  | -  | -  |
|   hwdata_mask_reg   | Flip-flop |  32   |  Y  | N  | Y  | N  | N  | N  | N  |
|     hrdata_reg      | Flip-flop |  32   |  Y  | N  | Y  | N  | N  | N  | N  |
|     sram_d_reg      | Flip-flop |  32   |  Y  | N  | Y  | N  | N  | N  | N  |
|     hready_reg      |   Latch   |   1   |  N  | N  | N  | Y  | -  | -  | -  |
===============================================================================
Presto compilation completed successfully.
Elaborated 1 design.
Current design is now 'top'.
1
#------------------------Set Current Design&&Link Designs--------------------------
#current_design $TOP_DESIGN(auto)
#link(auto)
#-------------------------------SDC----------------------------------
source ../syn/script/Sdc.tcl
1
#--------------------Map and Optimize the Design---------------------
compile_ultra -no_autoungroup -incremental -no_boundary_optimization
Warning: The value of variable 'compile_preserve_subdesign_interfaces' has been changed to true because '-no_boundary_optimization' is used. (OPT-133)
Information: Starting from 2013.12 release, constant propagation is enabled even when boundary optimization is disabled. (OPT-1318)
Information: Performing power optimization. (PWR-850)
Analyzing: "/opt/PDKs/smic_180/SM00LB501-FE-00000-r0p0-00rel0/aci/sc-m/synopsys/ss_1v62_125c.db"
Library analysis succeeded.
Loading db file '/usr/Synopsys/dc2016/syn/L-2016.03-SP1/libraries/syn/dw_foundation.sldb'
Warning: DesignWare synthetic library dw_foundation.sldb is added to the synthetic_library in the current command. (UISN-40)
Information: Evaluating DesignWare library utilization. (UISN-27)

============================================================================
| DesignWare Building Block Library  |         Version         | Available |
============================================================================
| Basic DW Building Blocks           | L-2016.03-DWBB_201603.1 |     *     |
| Licensed DW Building Blocks        | L-2016.03-DWBB_201603.1 |     *     |
============================================================================


Information: There are 25 potential problems in your design. Please run 'check_design' for more information. (LINT-99)


Loaded alib file './alib-52/ss_1v62_125c.db.alib'
Information: State dependent leakage is now switched from on to off.

  Beginning Pass 1 Mapping  (Incremental)
  ------------------------
  Processing 'top'
Information: The register 'hresp_reg[1]' is a constant and will be removed. (OPT-1206)
Information: The register 'hresp_reg[0]' is a constant and will be removed. (OPT-1206)
Information: The register 'sram_csn_reg' is a constant and will be removed. (OPT-1206)
Information: The register 'hready_reg' is a constant and will be removed. (OPT-1206)

  Updating timing information
Information: Updating design information... (UID-85)
Information: The library cell 'HOLDX1M' in the library 'ss_1v62_125c' is not characterized for internal power. (PWR-536)
Information: The target library(s) contains cell(s), other than black boxes, that are not characterized for internal power. (PWR-24)
  Mapping 'DW_leftsh'
Information: Added key list 'DesignWare' to design 'top'. (DDB-72)
  Mapping 'DW_leftsh'

                                  TOTAL                                                
   ELAPSED            WORST NEG   SETUP    DESIGN                              LEAKAGE 
    TIME      AREA      SLACK     COST    RULE COST         ENDPOINT            POWER  
  --------- --------- --------- --------- --------- ------------------------- ---------
    0:00:02   16310.3      0.00       0.0       0.0                           1051146.0000
    0:00:02   16310.3      0.00       0.0       0.0                           1051146.0000

  Beginning Mapping Optimizations  (Ultra High effort)  (Incremental)
  -------------------------------

  Beginning Incremental Implementation Selection
  ----------------------------------------------
    0:00:02   16099.6      0.00       0.0       0.0                           1044929.2500
    0:00:02   16099.6      0.00       0.0       0.0                           1044929.2500
    0:00:02   16099.6      0.00       0.0       0.0                           1044929.2500
    0:00:02   16099.6      0.00       0.0       0.0                           1044929.2500
  Global Optimization (Phase 1)
  Global Optimization (Phase 2)
  Global Optimization (Phase 3)
  Global Optimization (Phase 4)
  Global Optimization (Phase 5)



  Beginning Delay Optimization Phase
  ----------------------------------

                                  TOTAL                                                
   ELAPSED            WORST NEG   SETUP    DESIGN                              LEAKAGE 
    TIME      AREA      SLACK     COST    RULE COST         ENDPOINT            POWER  
  --------- --------- --------- --------- --------- ------------------------- ---------
    0:00:02   15915.2      0.00       0.0       0.0                           1024518.6250
    0:00:02   15915.2      0.00       0.0       0.0                           1024518.6250
    0:00:02   13434.6      0.00       0.0       0.0                           744183.6875
    0:00:02   13434.6      0.00       0.0       0.0                           744183.6875
    0:00:02   13434.6      0.00       0.0       0.0                           744183.6875
    0:00:02   13434.6      0.00       0.0       0.0                           744183.6875
    0:00:02   13434.6      0.00       0.0       0.0                           744183.6875

  Beginning Delay Optimization
  ----------------------------
    0:00:02   13434.6      0.00       0.0       0.0                           744183.6875
    0:00:02   13434.6      0.00       0.0       0.0                           744183.6875
    0:00:02   13434.6      0.00       0.0       0.0                           744183.6875
    0:00:02   13434.6      0.00       0.0       0.0                           744183.6875
    0:00:02   13434.6      0.00       0.0       0.0                           744183.6875
    0:00:02    7213.4      0.00       0.0       0.0                           251499.2969
    0:00:02    7213.4      0.00       0.0       0.0                           251499.2969
    0:00:02    6930.2      0.00       0.0       0.0                           217651.5625
    0:00:02    6930.2      0.00       0.0       0.0                           217651.5625
    0:00:02    6930.2      0.00       0.0       0.0                           217651.5625
    0:00:02    6930.2      0.00       0.0       0.0                           217651.5625
    0:00:02    6930.2      0.00       0.0       0.0                           217651.5625
    0:00:02    6930.2      0.00       0.0       0.0                           217651.5625
    0:00:02    6930.2      0.00       0.0       0.0                           217651.5625
    0:00:02    6930.2      0.00       0.0       0.0                           217651.5625
    0:00:02    6930.2      0.00       0.0       0.0                           217651.5625


  Beginning Leakage Power Optimization  (max_leakage_power 0)
  ------------------------------------

                                  TOTAL                                                
   ELAPSED            WORST NEG   SETUP    DESIGN                              LEAKAGE 
    TIME      AREA      SLACK     COST    RULE COST         ENDPOINT            POWER  
  --------- --------- --------- --------- --------- ------------------------- ---------
    0:00:02    6930.2      0.00       0.0       0.0                           217651.5625
    0:00:02    6923.7      0.00       0.0       0.0                           217429.1719
    0:00:02    6923.7      0.00       0.0       0.0                           211778.1719
    0:00:02    6923.7      0.00       0.0       0.0                           211778.1719
    0:00:02    6923.7      0.00       0.0       0.0                           211778.1719
    0:00:02    6923.7      0.00       0.0       0.0                           211778.1719
    0:00:02    6923.7      0.00       0.0       0.0                           211778.1719
    0:00:02    6923.7      0.00       0.0       0.0                           211778.1719
    0:00:02    6923.7      0.00       0.0       0.0                           211778.1719
    0:00:02    6923.7      0.00       0.0       0.0                           211778.1719
    0:00:02    6923.7      0.00       0.0       0.0                           211778.1719
    0:00:02    6923.7      0.00       0.0       0.0                           211778.1719

                                  TOTAL                                                
   ELAPSED            WORST NEG   SETUP    DESIGN                              LEAKAGE 
    TIME      AREA      SLACK     COST    RULE COST         ENDPOINT            POWER  
  --------- --------- --------- --------- --------- ------------------------- ---------
    0:00:03    6923.7      0.00       0.0       0.0                           211778.1719
    0:00:03    6923.7      0.00       0.0       0.0                           211778.1719
    0:00:03    6901.7      0.00       0.0       0.0                           207766.5000
    0:00:03    6901.7      0.00       0.0       0.0                           207766.5000
Loading db file '/opt/PDKs/smic_180/SM00LB501-FE-00000-r0p0-00rel0/aci/sc-m/synopsys/ss_1v62_125c.db'


Note: Symbol # after min delay cost means estimated hold TNS across all active scenarios 


  Optimization Complete
  ---------------------
Information: State dependent leakage is now switched from off to on.
Information: Propagating switching activity (low effort zero delay simulation). (PWR-6)
1
#----------------------Save Design Database--------------------------
change_names -rules verilog -hierarchy
1
set_fix_multiple_port_nets -all -buffer_constants
1
#---------------Check the Synthesized Design for Consistency---------
check_design -summary > ../syn/report/check_design.rpt
check_timing > ../syn/report/check_timing.rpt
#---------------------Report Timing and Area-------------------------
report_qor                  > ../syn/report/$TOP_DESIGN.qor_rpt
report_timing -max_paths 1000 > ../syn/report/$TOP_DESIGN.timing_rpt
report_timing -path full    > ../syn/report/$TOP_DESIGN.full_timing_rpt
report_timing -delay max    > ../syn/report/$TOP_DESIGN.setup_timing_rpt
report_timing -delay min    > ../syn/report/$TOP_DESIGN.hold_timing_rpt
report_reference            > ../syn/report/$TOP_DESIGN.ref_rpt
report_area                 > ../syn/report/$TOP_DESIGN.area_rpt
report_constraints          > ../syn/report/$TOP_DESIGN.const_rpt
report_constraint -all_violators > ../syn/report/$TOP_DESIGN.violators_rpt
report_power > ../syn/report/$TOP_DESIGN.power_rpt
check_timing > ../syn/log/last_check_timing.log
#---------------------Generate Files -------------------------
write -f verilog -hierarchy -output ../syn/mapped/$TOP_DESIGN.v
Writing verilog file '/home/gift/workplace/CourseDigitalIC/homework/ch6-7/AHBSram/syn/mapped/top.v'.
Warning: Verilog 'assign' or 'tran' statements are written out. (VO-4)
1
write_sdc ../syn/mapped/$TOP_DESIGN.sdc
1
write_sdf -context verilog ../syn/mapped/$TOP_DESIGN.sdf
Information: Annotated 'cell' delays are assumed to include load delay. (UID-282)
Information: Writing timing information to file '/home/gift/workplace/CourseDigitalIC/homework/ch6-7/AHBSram/syn/mapped/top.sdf'. (WT-3)
1
1
dc_shell> quit

Memory usage for main task 168 Mbytes.
Memory usage for this session 168 Mbytes.
CPU usage for this session 63 seconds ( 0.02 hours ).

Thank you...

