Initializing gui preferences from file  /home/gift/.synopsys_dv_prefs.tcl
#--------------------------Specify Libraries--------------------------
set DESIGN_PATH /opt/PDKs/smic_180/SM00LB501-FE-00000-r0p0-00rel0/aci/sc-m/synopsys 
/opt/PDKs/smic_180/SM00LB501-FE-00000-r0p0-00rel0/aci/sc-m/synopsys
set search_path "$search_path $DESIGN_PATH"
. /usr/Synopsys/dc2016/syn/L-2016.03-SP1/libraries/syn /usr/Synopsys/dc2016/syn/L-2016.03-SP1/minpower/syn /usr/Synopsys/dc2016/syn/L-2016.03-SP1/dw/syn_ver /usr/Synopsys/dc2016/syn/L-2016.03-SP1/dw/sim_ver /opt/PDKs/smic_180/SM00LB501-FE-00000-r0p0-00rel0/aci/sc-m/synopsys
set target_library "ss_1v62_125c.db"
ss_1v62_125c.db
set link_library "* $target_library"
* ss_1v62_125c.db
echo "\n\nSettings:"


Settings:
echo "search_path: $search_path"
search_path: . /usr/Synopsys/dc2016/syn/L-2016.03-SP1/libraries/syn /usr/Synopsys/dc2016/syn/L-2016.03-SP1/minpower/syn /usr/Synopsys/dc2016/syn/L-2016.03-SP1/dw/syn_ver /usr/Synopsys/dc2016/syn/L-2016.03-SP1/dw/sim_ver /opt/PDKs/smic_180/SM00LB501-FE-00000-r0p0-00rel0/aci/sc-m/synopsys
echo "link_library: $link_library"
link_library: * ss_1v62_125c.db
echo "target_library: $target_library"
target_library: ss_1v62_125c.db
echo "\n\nI'm Ready!"


I'm Ready!
#set search_path "$TAR_PATH $MEM_LINK_PATH"
#--------------------------Prepare Filelist---------------------------
set FILE_LIST ""
set f [open "../syn/filelist_syn.f" r]
file10
while {![eof $f]} {
    gets $f line
    append FILE_LIST "$line "
}
echo $FILE_LIST
/home/gift/workplace/CourseDigitalIC/homework/ch71617/ApbSlave/src/top.v  
close $f
#--------------------------Read Designs------------------------------
set TOP_DESIGN timerapb
timerapb
analyze -format verilog $FILE_LIST 
Running PRESTO HDLC
Compiling source file /home/gift/workplace/CourseDigitalIC/homework/ch71617/ApbSlave/src/top.v
Presto compilation completed successfully.
Loading db file '/opt/PDKs/smic_180/SM00LB501-FE-00000-r0p0-00rel0/aci/sc-m/synopsys/ss_1v62_125c.db'
1
elaborate $TOP_DESIGN
Loading db file '/usr/Synopsys/dc2016/syn/L-2016.03-SP1/libraries/syn/gtech.db'
Loading db file '/usr/Synopsys/dc2016/syn/L-2016.03-SP1/libraries/syn/standard.sldb'
  Loading link library 'ss_1v62_125c'
  Loading link library 'gtech'
Running PRESTO HDLC
Warning:  /home/gift/workplace/CourseDigitalIC/homework/ch71617/ApbSlave/src/top.v:105: signed to unsigned conversion occurs. (VER-318)
Warning:  /home/gift/workplace/CourseDigitalIC/homework/ch71617/ApbSlave/src/top.v:129: signed to unsigned conversion occurs. (VER-318)
Warning:  /home/gift/workplace/CourseDigitalIC/homework/ch71617/ApbSlave/src/top.v:159: signed to unsigned conversion occurs. (VER-318)

Statistics for case statements in always block at line 46 in file
        '/home/gift/workplace/CourseDigitalIC/homework/ch71617/ApbSlave/src/top.v'
===============================================
|           Line           |  full/ parallel  |
===============================================
|            50            |    auto/auto     |
===============================================

Inferred memory devices in process
        in routine timerapb line 46 in file
                '/home/gift/workplace/CourseDigitalIC/homework/ch71617/ApbSlave/src/top.v'.
===============================================================================
|    Register Name    |   Type    | Width | Bus | MB | AR | AS | SR | SS | ST |
===============================================================================
|     prdata_reg      | Flip-flop |  32   |  Y  | N  | Y  | N  | N  | N  | N  |
===============================================================================

Inferred memory devices in process
        in routine timerapb line 69 in file
                '/home/gift/workplace/CourseDigitalIC/homework/ch71617/ApbSlave/src/top.v'.
===============================================================================
|    Register Name    |   Type    | Width | Bus | MB | AR | AS | SR | SS | ST |
===============================================================================
|   timer0count_reg   | Flip-flop |  32   |  Y  | N  | Y  | N  | N  | N  | N  |
===============================================================================

Inferred memory devices in process
        in routine timerapb line 86 in file
                '/home/gift/workplace/CourseDigitalIC/homework/ch71617/ApbSlave/src/top.v'.
===============================================================================
|    Register Name    |   Type    | Width | Bus | MB | AR | AS | SR | SS | ST |
===============================================================================
|   timer_irqr0_reg   | Flip-flop |   1   |  N  | N  | Y  | N  | N  | N  | N  |
|  timer0_value_reg   | Flip-flop |  32   |  Y  | N  | Y  | N  | N  | N  | N  |
|  timer0status_reg   | Flip-flop |  32   |  Y  | N  | Y  | N  | N  | N  | N  |
===============================================================================

Inferred memory devices in process
        in routine timerapb line 119 in file
                '/home/gift/workplace/CourseDigitalIC/homework/ch71617/ApbSlave/src/top.v'.
===============================================================================
|    Register Name    |   Type    | Width | Bus | MB | AR | AS | SR | SS | ST |
===============================================================================
|   timer1count_reg   | Flip-flop |  32   |  Y  | N  | Y  | N  | N  | N  | N  |
===============================================================================

Inferred memory devices in process
        in routine timerapb line 140 in file
                '/home/gift/workplace/CourseDigitalIC/homework/ch71617/ApbSlave/src/top.v'.
===============================================================================
|    Register Name    |   Type    | Width | Bus | MB | AR | AS | SR | SS | ST |
===============================================================================
|   timer_irqr1_reg   | Flip-flop |   1   |  N  | N  | Y  | N  | N  | N  | N  |
|  timer1_value_reg   | Flip-flop |  32   |  Y  | N  | Y  | N  | N  | N  | N  |
|  timer1status_reg   | Flip-flop |  32   |  Y  | N  | Y  | N  | N  | N  | N  |
===============================================================================
Presto compilation completed successfully.
Elaborated 1 design.
Current design is now 'timerapb'.
1
#------------------------Set Current Design&&Link Designs--------------------------
#current_design $TOP_DESIGN(auto)
#link(auto)
#-------------------------------SDC----------------------------------
source ../syn/script/Sdc.tcl
1
#--------------------Map and Optimize the Design---------------------
compile_ultra -no_autoungroup -incremental -no_boundary_optimization
Warning: The value of variable 'compile_preserve_subdesign_interfaces' has been changed to true because '-no_boundary_optimization' is used. (OPT-133)
Information: Starting from 2013.12 release, constant propagation is enabled even when boundary optimization is disabled. (OPT-1318)
Information: Performing power optimization. (PWR-850)
Analyzing: "/opt/PDKs/smic_180/SM00LB501-FE-00000-r0p0-00rel0/aci/sc-m/synopsys/ss_1v62_125c.db"
Library analysis succeeded.
Loading db file '/usr/Synopsys/dc2016/syn/L-2016.03-SP1/libraries/syn/dw_foundation.sldb'
Warning: DesignWare synthetic library dw_foundation.sldb is added to the synthetic_library in the current command. (UISN-40)
Information: Evaluating DesignWare library utilization. (UISN-27)

============================================================================
| DesignWare Building Block Library  |         Version         | Available |
============================================================================
| Basic DW Building Blocks           | L-2016.03-DWBB_201603.1 |     *     |
| Licensed DW Building Blocks        | L-2016.03-DWBB_201603.1 |     *     |
============================================================================


Information: There are 12 potential problems in your design. Please run 'check_design' for more information. (LINT-99)


Loaded alib file './alib-52/ss_1v62_125c.db.alib'
Information: State dependent leakage is now switched from on to off.

  Beginning Pass 1 Mapping  (Incremental)
  ------------------------
  Processing 'timerapb'
Information: Added key list 'DesignWare' to design 'timerapb'. (DDB-72)

  Updating timing information
Information: Updating design information... (UID-85)
Information: The library cell 'HOLDX1M' in the library 'ss_1v62_125c' is not characterized for internal power. (PWR-536)
Information: The target library(s) contains cell(s), other than black boxes, that are not characterized for internal power. (PWR-24)
  Mapping 'DW_leftsh'
  Mapping 'timerapb_DW01_add_0'
  Mapping 'timerapb_DW01_inc_0'
  Mapping 'DW_leftsh'
  Mapping 'timerapb_DW01_add_1'
  Mapping 'timerapb_DW01_inc_1'

                                  TOTAL                                                
   ELAPSED            WORST NEG   SETUP    DESIGN                              LEAKAGE 
    TIME      AREA      SLACK     COST    RULE COST         ENDPOINT            POWER  
  --------- --------- --------- --------- --------- ------------------------- ---------
    0:00:02   42766.9      2.62     327.4       0.1                           2569574.7500
    0:00:02   42766.9      2.62     327.4       0.1                           2569574.7500

  Beginning Mapping Optimizations  (Ultra High effort)  (Incremental)
  -------------------------------

  Beginning Incremental Implementation Selection
  ----------------------------------------------
  Selecting implementations
  Mapping 'timerapb_DW01_inc_4'
  Mapping 'timerapb_DW01_inc_5'
  Mapping 'timerapb_DW01_inc_6'
  Mapping 'timerapb_DW01_inc_7'
    0:00:03   42593.5      2.61     321.9       0.1                           2549745.0000
    0:00:03   42593.5      2.61     321.9       0.1                           2549745.0000
    0:00:03   42593.5      2.61     321.9       0.1                           2549745.0000
    0:00:03   42532.0      2.59     321.2       0.1                           2543714.7500
  Global Optimization (Phase 1)
  Global Optimization (Phase 2)
  Global Optimization (Phase 3)
  Global Optimization (Phase 4)
  Global Optimization (Phase 5)



  Beginning Delay Optimization Phase
  ----------------------------------

                                  TOTAL                                                
   ELAPSED            WORST NEG   SETUP    DESIGN                              LEAKAGE 
    TIME      AREA      SLACK     COST    RULE COST         ENDPOINT            POWER  
  --------- --------- --------- --------- --------- ------------------------- ---------
    0:00:04   42251.0      0.99     180.5       0.1                           2500681.0000
    0:00:04   42251.0      0.99     180.5       0.1                           2500681.0000
    0:00:04   40466.3      0.98     177.6       0.1                           2244786.0000
    0:00:04   40466.3      0.98     177.6       0.1                           2244786.0000
    0:00:04   40440.0      0.97     177.4       0.1                           2242401.7500
    0:00:04   40440.0      0.97     177.4       0.1                           2242401.7500
    0:00:04   40299.5      0.00       0.0       0.1                           2202086.5000

  Beginning Delay Optimization
  ----------------------------
    0:00:04   40299.5      0.00       0.0       0.1                           2202086.5000
    0:00:04   40299.5      0.00       0.0       0.1                           2202086.5000
    0:00:04   40299.5      0.00       0.0       0.1                           2202086.5000
    0:00:04   40299.5      0.00       0.0       0.1                           2202086.5000
    0:00:04   40299.5      0.00       0.0       0.1                           2202086.5000
    0:00:05   27672.7      0.00       0.0       0.1                           1202244.7500


  Beginning Design Rule Fixing  (max_transition)
  ----------------------------

                                  TOTAL                                                
   ELAPSED            WORST NEG   SETUP    DESIGN                              LEAKAGE 
    TIME      AREA      SLACK     COST    RULE COST         ENDPOINT            POWER  
  --------- --------- --------- --------- --------- ------------------------- ---------
    0:00:05   27672.7      0.00       0.0       0.1                           1202244.7500
    0:00:05   27699.0      0.00       0.0       0.0                           1202802.5000
    0:00:05   26226.1      0.00       0.0       0.0                           1025741.3750
    0:00:05   26226.1      0.00       0.0       0.0                           1025741.3750
    0:00:05   26226.1      0.00       0.0       0.0                           1025741.3750
    0:00:05   26226.1      0.00       0.0       0.0                           1025741.3750
    0:00:05   26226.1      0.00       0.0       0.0                           1025741.3750
    0:00:05   26226.1      0.00       0.0       0.0                           1025741.3750
    0:00:05   26226.1      0.00       0.0       0.0                           1025741.3750
    0:00:05   26226.1      0.00       0.0       0.0                           1025741.3750
    0:00:05   26226.1      0.00       0.0       0.0                           1025741.3750


  Beginning Leakage Power Optimization  (max_leakage_power 0)
  ------------------------------------

                                  TOTAL                                                
   ELAPSED            WORST NEG   SETUP    DESIGN                              LEAKAGE 
    TIME      AREA      SLACK     COST    RULE COST         ENDPOINT            POWER  
  --------- --------- --------- --------- --------- ------------------------- ---------
    0:00:05   26226.1      0.00       0.0       0.0                           1025741.3750
    0:00:05   26175.6      0.00       0.0       0.0                           1021519.2500
    0:00:05   26158.0      0.00       0.0       0.0                           1018323.2500
    0:00:05   26158.0      0.00       0.0       0.0                           1018323.2500
    0:00:05   26158.0      0.00       0.0       0.0                           1018323.2500
    0:00:05   26158.0      0.00       0.0       0.0                           1018323.2500
    0:00:05   26158.0      0.00       0.0       0.0                           1018323.2500
    0:00:05   26158.0      0.00       0.0       0.0                           1018323.2500
    0:00:05   26158.0      0.00       0.0       0.0                           1018323.2500
    0:00:05   26158.0      0.00       0.0       0.0                           1018323.2500
    0:00:05   26158.0      0.00       0.0       0.0                           1018323.2500
    0:00:05   26158.0      0.00       0.0       0.0                           1018323.2500

                                  TOTAL                                                
   ELAPSED            WORST NEG   SETUP    DESIGN                              LEAKAGE 
    TIME      AREA      SLACK     COST    RULE COST         ENDPOINT            POWER  
  --------- --------- --------- --------- --------- ------------------------- ---------
    0:00:05   26158.0      0.00       0.0       0.0                           1018323.2500
    0:00:05   26158.0      0.00       0.0       0.0                           1018301.1875
    0:00:05   25093.3      0.00       0.0       0.0                           915875.2500
    0:00:05   25093.3      0.00       0.0       0.0                           915875.2500
    0:00:06   24829.9      0.00       0.0       0.0                           888760.8125
Loading db file '/opt/PDKs/smic_180/SM00LB501-FE-00000-r0p0-00rel0/aci/sc-m/synopsys/ss_1v62_125c.db'


Note: Symbol # after min delay cost means estimated hold TNS across all active scenarios 


  Optimization Complete
  ---------------------
Information: State dependent leakage is now switched from off to on.
Information: Propagating switching activity (low effort zero delay simulation). (PWR-6)
1
#----------------------Save Design Database--------------------------
change_names -rules verilog -hierarchy
1
set_fix_multiple_port_nets -all -buffer_constants
1
#---------------Check the Synthesized Design for Consistency---------
check_design -summary > ../syn/report/check_design.rpt
check_timing > ../syn/report/check_timing.rpt
#---------------------Report Timing and Area-------------------------
report_qor                  > ../syn/report/$TOP_DESIGN.qor_rpt
report_timing -max_paths 1000 > ../syn/report/$TOP_DESIGN.timing_rpt
report_timing -path full    > ../syn/report/$TOP_DESIGN.full_timing_rpt
report_timing -delay max    > ../syn/report/$TOP_DESIGN.setup_timing_rpt
report_timing -delay min    > ../syn/report/$TOP_DESIGN.hold_timing_rpt
report_reference            > ../syn/report/$TOP_DESIGN.ref_rpt
report_area                 > ../syn/report/$TOP_DESIGN.area_rpt
report_constraints          > ../syn/report/$TOP_DESIGN.const_rpt
report_constraint -all_violators > ../syn/report/$TOP_DESIGN.violators_rpt
report_power > ../syn/report/$TOP_DESIGN.power_rpt
check_timing > ../syn/log/last_check_timing.log
#---------------------Generate Files -------------------------
write -f verilog -hierarchy -output ../syn/mapped/$TOP_DESIGN.v
Writing verilog file '/home/gift/workplace/CourseDigitalIC/homework/ch71617/ApbSlave/syn/mapped/timerapb.v'.
Warning: Verilog 'assign' or 'tran' statements are written out. (VO-4)
1
write_sdc ../syn/mapped/$TOP_DESIGN.sdc
1
write_sdf -context verilog ../syn/mapped/$TOP_DESIGN.sdf
Information: Annotated 'cell' delays are assumed to include load delay. (UID-282)
Information: Writing timing information to file '/home/gift/workplace/CourseDigitalIC/homework/ch71617/ApbSlave/syn/mapped/timerapb.sdf'. (WT-3)
1
1
dc_shell> quit

Memory usage for main task 175 Mbytes.
Memory usage for this session 175 Mbytes.
CPU usage for this session 68 seconds ( 0.02 hours ).

Thank you...

