Initializing gui preferences from file  /home/gift/.synopsys_dv_prefs.tcl
#--------------------------Specify Libraries--------------------------
set DESIGN_PATH /opt/PDKs/smic_180/SM00LB501-FE-00000-r0p0-00rel0/aci/sc-m/synopsys 
/opt/PDKs/smic_180/SM00LB501-FE-00000-r0p0-00rel0/aci/sc-m/synopsys
set search_path "$search_path $DESIGN_PATH"
. /usr/Synopsys/dc2016/syn/L-2016.03-SP1/libraries/syn /usr/Synopsys/dc2016/syn/L-2016.03-SP1/minpower/syn /usr/Synopsys/dc2016/syn/L-2016.03-SP1/dw/syn_ver /usr/Synopsys/dc2016/syn/L-2016.03-SP1/dw/sim_ver /opt/PDKs/smic_180/SM00LB501-FE-00000-r0p0-00rel0/aci/sc-m/synopsys
set target_library "ss_1v62_125c.db"
ss_1v62_125c.db
set link_library "* $target_library"
* ss_1v62_125c.db
echo "\n\nSettings:"


Settings:
echo "search_path: $search_path"
search_path: . /usr/Synopsys/dc2016/syn/L-2016.03-SP1/libraries/syn /usr/Synopsys/dc2016/syn/L-2016.03-SP1/minpower/syn /usr/Synopsys/dc2016/syn/L-2016.03-SP1/dw/syn_ver /usr/Synopsys/dc2016/syn/L-2016.03-SP1/dw/sim_ver /opt/PDKs/smic_180/SM00LB501-FE-00000-r0p0-00rel0/aci/sc-m/synopsys
echo "link_library: $link_library"
link_library: * ss_1v62_125c.db
echo "target_library: $target_library"
target_library: ss_1v62_125c.db
echo "\n\nI'm Ready!"


I'm Ready!
#set search_path "$TAR_PATH $MEM_LINK_PATH"
#--------------------------Prepare Filelist---------------------------
set FILE_LIST ""
set f [open "../syn/filelist_syn.f" r]
file10
while {![eof $f]} {
    gets $f line
    append FILE_LIST "$line "
}
echo $FILE_LIST
/home/gift/workplace/CourseDigitalIC/homework/ch4-5/CLA/src/sum.v /home/gift/workplace/CourseDigitalIC/homework/ch4-5/CLA/src/cla.v /home/gift/workplace/CourseDigitalIC/homework/ch4-5/CLA/src/top.v  
close $f
#--------------------------Read Designs------------------------------
set TOP_DESIGN top
top
analyze -format verilog $FILE_LIST -define CLa
Running PRESTO HDLC
Compiling source file /home/gift/workplace/CourseDigitalIC/homework/ch4-5/CLA/src/sum.v
Compiling source file /home/gift/workplace/CourseDigitalIC/homework/ch4-5/CLA/src/cla.v
Warning:  /home/gift/workplace/CourseDigitalIC/homework/ch4-5/CLA/src/cla.v:106: the undeclared symbol 'c0' assumed to have the default net type, which is 'wire'. (VER-936)
Warning:  /home/gift/workplace/CourseDigitalIC/homework/ch4-5/CLA/src/cla.v:110: the undeclared symbol 'c4' assumed to have the default net type, which is 'wire'. (VER-936)
Compiling source file /home/gift/workplace/CourseDigitalIC/homework/ch4-5/CLA/src/top.v
Presto compilation completed successfully.
Loading db file '/opt/PDKs/smic_180/SM00LB501-FE-00000-r0p0-00rel0/aci/sc-m/synopsys/ss_1v62_125c.db'
1
elaborate $TOP_DESIGN
Loading db file '/usr/Synopsys/dc2016/syn/L-2016.03-SP1/libraries/syn/gtech.db'
Loading db file '/usr/Synopsys/dc2016/syn/L-2016.03-SP1/libraries/syn/standard.sldb'
  Loading link library 'ss_1v62_125c'
  Loading link library 'gtech'
Running PRESTO HDLC
Warning:  /home/gift/workplace/CourseDigitalIC/homework/ch4-5/CLA/src/top.v:21: Net sum_r connected to instance cla16_u0 is declared as reg data type but is not driven by an always block. (VER-1004)

Inferred memory devices in process
        in routine top line 42 in file
                '/home/gift/workplace/CourseDigitalIC/homework/ch4-5/CLA/src/top.v'.
===============================================================================
|    Register Name    |   Type    | Width | Bus | MB | AR | AS | SR | SS | ST |
===============================================================================
|       a_r_reg       | Flip-flop |  16   |  Y  | N  | Y  | N  | N  | N  | N  |
|       b_r_reg       | Flip-flop |  16   |  Y  | N  | Y  | N  | N  | N  | N  |
|       sum_reg       | Flip-flop |  17   |  Y  | N  | Y  | N  | N  | N  | N  |
===============================================================================
Presto compilation completed successfully.
Elaborated 1 design.
Current design is now 'top'.
Information: Building the design 'cla16'. (HDL-193)
Presto compilation completed successfully.
Error:  /home/gift/workplace/CourseDigitalIC/homework/ch4-5/CLA/src/cla.v:30: The width of port ci on instance adder_4_u1 of design adder_4 is inconsistent with other instantiations of the same design. (ELAB-369)
Error:  Cannot resolve pin ci on cell adder_4:adder_4_u1. (ELAB-327)
Warning: Design 'top' has '1' unresolved references. For more detailed information, use the "link" command. (UID-341)
1
#------------------------Set Current Design&&Link Designs--------------------------
#current_design $TOP_DESIGN(auto)
#link(auto)
#-------------------------------SDC----------------------------------
source ../syn/script/Sdc.tcl
Warning: Design 'top' has '1' unresolved references. For more detailed information, use the "link" command. (UID-341)
Warning: Design 'top' has '1' unresolved references. For more detailed information, use the "link" command. (UID-341)
Warning: Design 'top' has '1' unresolved references. For more detailed information, use the "link" command. (UID-341)
Warning: Design 'top' has '1' unresolved references. For more detailed information, use the "link" command. (UID-341)
Warning: Design 'top' has '1' unresolved references. For more detailed information, use the "link" command. (UID-341)
Warning: Design 'top' has '1' unresolved references. For more detailed information, use the "link" command. (UID-341)
Warning: Design 'top' has '1' unresolved references. For more detailed information, use the "link" command. (UID-341)
Warning: Design 'top' has '1' unresolved references. For more detailed information, use the "link" command. (UID-341)
Warning: Design 'top' has '1' unresolved references. For more detailed information, use the "link" command. (UID-341)
Warning: Design 'top' has '1' unresolved references. For more detailed information, use the "link" command. (UID-341)
Warning: Design 'top' has '1' unresolved references. For more detailed information, use the "link" command. (UID-341)
Warning: Design 'top' has '1' unresolved references. For more detailed information, use the "link" command. (UID-341)
Warning: Design 'top' has '1' unresolved references. For more detailed information, use the "link" command. (UID-341)
Warning: Design 'top' has '1' unresolved references. For more detailed information, use the "link" command. (UID-341)
Warning: Design 'top' has '1' unresolved references. For more detailed information, use the "link" command. (UID-341)
Warning: Design 'top' has '1' unresolved references. For more detailed information, use the "link" command. (UID-341)
Warning: Design 'top' has '1' unresolved references. For more detailed information, use the "link" command. (UID-341)
Warning: Design 'top' has '1' unresolved references. For more detailed information, use the "link" command. (UID-341)
Warning: Design 'top' has '1' unresolved references. For more detailed information, use the "link" command. (UID-341)
1
#--------------------Map and Optimize the Design---------------------
compile_ultra -no_autoungroup -incremental -no_boundary_optimization
Warning: The value of variable 'compile_preserve_subdesign_interfaces' has been changed to true because '-no_boundary_optimization' is used. (OPT-133)
Information: Starting from 2013.12 release, constant propagation is enabled even when boundary optimization is disabled. (OPT-1318)
Warning: Design 'top' has '1' unresolved references. For more detailed information, use the "link" command. (UID-341)
Information: Performing power optimization. (PWR-850)
Alib files are up-to-date.
Loading db file '/usr/Synopsys/dc2016/syn/L-2016.03-SP1/libraries/syn/dw_foundation.sldb'
Warning: DesignWare synthetic library dw_foundation.sldb is added to the synthetic_library in the current command. (UISN-40)
Information: Evaluating DesignWare library utilization. (UISN-27)

============================================================================
| DesignWare Building Block Library  |         Version         | Available |
============================================================================
| Basic DW Building Blocks           | L-2016.03-DWBB_201603.1 |     *     |
| Licensed DW Building Blocks        | L-2016.03-DWBB_201603.1 |     *     |
============================================================================


Information: There are 32 potential problems in your design. Please run 'check_design' for more information. (LINT-99)


Loaded alib file './alib-52/ss_1v62_125c.db.alib'
Information: State dependent leakage is now switched from on to off.

  Beginning Pass 1 Mapping  (Incremental)
  ------------------------
  Processing 'top'
Warning: The design named top has 32 out of 53 cells marked size-only, which may limit optimization. (OPT-301)
Information: Building the design 'cla16'. (HDL-193)
Presto compilation completed successfully.
Error:  /home/gift/workplace/CourseDigitalIC/homework/ch4-5/CLA/src/cla.v:30: The width of port ci on instance adder_4_u1 of design adder_4 is inconsistent with other instantiations of the same design. (ELAB-369)
Error:  Cannot resolve pin ci on cell adder_4:adder_4_u1. (ELAB-327)
Warning: Unable to resolve reference 'cla16' in 'top'. (LINK-5)
Warning: Design 'top' has '1' unresolved references. For more detailed information, use the "link" command. (UID-341)

  Updating timing information
Information: Updating design information... (UID-85)
Information: The library cell 'HOLDX1M' in the library 'ss_1v62_125c' is not characterized for internal power. (PWR-536)
Information: The target library(s) contains cell(s), other than black boxes, that are not characterized for internal power. (PWR-24)

                                  TOTAL                                                
   ELAPSED            WORST NEG   SETUP    DESIGN                              LEAKAGE 
    TIME      AREA      SLACK     COST    RULE COST         ENDPOINT            POWER  
  --------- --------- --------- --------- --------- ------------------------- ---------
    0:00:02    5055.5      0.00       0.0       0.0                           282901.0625
    0:00:02    5055.5      0.00       0.0       0.0                           282901.0625

  Beginning Mapping Optimizations  (Ultra High effort)  (Incremental)
  -------------------------------

  Beginning Incremental Implementation Selection
  ----------------------------------------------
    0:00:02    5055.5      0.00       0.0       0.0                           282901.0625
    0:00:02    5055.5      0.00       0.0       0.0                           282901.0625
    0:00:02    5055.5      0.00       0.0       0.0                           282901.0625
    0:00:02    5055.5      0.00       0.0       0.0                           282901.0625
  Global Optimization (Phase 1)
  Global Optimization (Phase 2)
  Global Optimization (Phase 3)
  Global Optimization (Phase 4)



  Beginning Delay Optimization Phase
  ----------------------------------

                                  TOTAL                                                
   ELAPSED            WORST NEG   SETUP    DESIGN                              LEAKAGE 
    TIME      AREA      SLACK     COST    RULE COST         ENDPOINT            POWER  
  --------- --------- --------- --------- --------- ------------------------- ---------
    0:00:02    5055.5      0.00       0.0       0.0                           282901.0625
    0:00:02    5055.5      0.00       0.0       0.0                           282901.0625
    0:00:02    5055.5      0.00       0.0       0.0                           282901.0625
    0:00:02    5055.5      0.00       0.0       0.0                           282901.0625
    0:00:02    5055.5      0.00       0.0       0.0                           282901.0625
    0:00:02    5055.5      0.00       0.0       0.0                           282901.0625
    0:00:02    5055.5      0.00       0.0       0.0                           282901.0625

  Beginning Delay Optimization
  ----------------------------
    0:00:02    5055.5      0.00       0.0       0.0                           282901.0625
    0:00:02    5055.5      0.00       0.0       0.0                           282901.0625
    0:00:02    5055.5      0.00       0.0       0.0                           282901.0625
    0:00:02    5055.5      0.00       0.0       0.0                           282901.0625
    0:00:02    5055.5      0.00       0.0       0.0                           282901.0625
    0:00:02    3229.1      0.00       0.0       0.0                           138259.7812
    0:00:02    3229.1      0.00       0.0       0.0                           138259.7812
    0:00:02    3229.1      0.00       0.0       0.0                           138259.7812
    0:00:02    3229.1      0.00       0.0       0.0                           138259.7812
    0:00:02    3229.1      0.00       0.0       0.0                           138259.7812
    0:00:02    3229.1      0.00       0.0       0.0                           138259.7812
    0:00:02    3229.1      0.00       0.0       0.0                           138259.7812
    0:00:02    3229.1      0.00       0.0       0.0                           138259.7812
    0:00:02    3229.1      0.00       0.0       0.0                           138259.7812
    0:00:02    3229.1      0.00       0.0       0.0                           138259.7812
    0:00:02    3229.1      0.00       0.0       0.0                           138259.7812


  Beginning Leakage Power Optimization  (max_leakage_power 0)
  ------------------------------------

                                  TOTAL                                                
   ELAPSED            WORST NEG   SETUP    DESIGN                              LEAKAGE 
    TIME      AREA      SLACK     COST    RULE COST         ENDPOINT            POWER  
  --------- --------- --------- --------- --------- ------------------------- ---------
    0:00:02    3229.1      0.00       0.0       0.0                           138259.7812
    0:00:02    3229.1      0.00       0.0       0.0                           138259.7812
    0:00:02    3229.1      0.00       0.0       0.0                           138259.7812
    0:00:02    3229.1      0.00       0.0       0.0                           138259.7812
    0:00:02    3229.1      0.00       0.0       0.0                           138259.7812
    0:00:02    3229.1      0.00       0.0       0.0                           138259.7812
    0:00:02    3229.1      0.00       0.0       0.0                           138259.7812
    0:00:02    3229.1      0.00       0.0       0.0                           138259.7812
    0:00:02    3229.1      0.00       0.0       0.0                           138259.7812
    0:00:02    3229.1      0.00       0.0       0.0                           138259.7812
    0:00:02    3229.1      0.00       0.0       0.0                           138259.7812
    0:00:02    3229.1      0.00       0.0       0.0                           138259.7812

                                  TOTAL                                                
   ELAPSED            WORST NEG   SETUP    DESIGN                              LEAKAGE 
    TIME      AREA      SLACK     COST    RULE COST         ENDPOINT            POWER  
  --------- --------- --------- --------- --------- ------------------------- ---------
    0:00:02    3229.1      0.00       0.0       0.0                           138259.7812
    0:00:02    3229.1      0.00       0.0       0.0                           138259.7812
    0:00:02    2333.5      0.00       0.0       0.0                           70427.8359
    0:00:02    2333.5      0.00       0.0       0.0                           70427.8359
Loading db file '/opt/PDKs/smic_180/SM00LB501-FE-00000-r0p0-00rel0/aci/sc-m/synopsys/ss_1v62_125c.db'


Note: Symbol # after min delay cost means estimated hold TNS across all active scenarios 


  Optimization Complete
  ---------------------
Information: State dependent leakage is now switched from off to on.
Information: Propagating switching activity (low effort zero delay simulation). (PWR-6)
Warning: Design has unannotated black box outputs. (PWR-428)
1
#----------------------Save Design Database--------------------------
change_names -rules verilog -hierarchy
Information: Building the design 'cla16'. (HDL-193)
Presto compilation completed successfully.
Error:  /home/gift/workplace/CourseDigitalIC/homework/ch4-5/CLA/src/cla.v:30: The width of port ci on instance adder_4_u1 of design adder_4 is inconsistent with other instantiations of the same design. (ELAB-369)
Error:  Cannot resolve pin ci on cell adder_4:adder_4_u1. (ELAB-327)
Warning: Unable to resolve reference 'cla16' in 'top'. (LINK-5)
1
set_fix_multiple_port_nets -all -buffer_constants
1
#---------------Check the Synthesized Design for Consistency---------
check_design -summary > ../syn/report/check_design.rpt
check_timing > ../syn/report/check_timing.rpt
#---------------------Report Timing and Area-------------------------
report_qor                  > ../syn/report/$TOP_DESIGN.qor_rpt
report_timing -max_paths 1000 > ../syn/report/$TOP_DESIGN.timing_rpt
report_timing -path full    > ../syn/report/$TOP_DESIGN.full_timing_rpt
report_timing -delay max    > ../syn/report/$TOP_DESIGN.setup_timing_rpt
report_timing -delay min    > ../syn/report/$TOP_DESIGN.hold_timing_rpt
report_reference            > ../syn/report/$TOP_DESIGN.ref_rpt
report_area                 > ../syn/report/$TOP_DESIGN.area_rpt
report_constraints          > ../syn/report/$TOP_DESIGN.const_rpt
report_constraint -all_violators > ../syn/report/$TOP_DESIGN.violators_rpt
report_power > ../syn/report/$TOP_DESIGN.power_rpt
check_timing > ../syn/log/last_check_timing.log
#---------------------Generate Files -------------------------
write -f verilog -hierarchy -output ../syn/mapped/$TOP_DESIGN.v
Warning: Design 'top' has '1' unresolved references. For more detailed information, use the "link" command. (UID-341)
Writing verilog file '/home/gift/workplace/CourseDigitalIC/homework/ch4-5/CLA/syn/mapped/top.v'.
1
write_sdc ../syn/mapped/$TOP_DESIGN.sdc
Warning: Design 'top' has '1' unresolved references. For more detailed information, use the "link" command. (UID-341)
1
write_sdf -context verilog ../syn/mapped/$TOP_DESIGN.sdf
Warning: Design 'top' has '1' unresolved references. For more detailed information, use the "link" command. (UID-341)
Information: Annotated 'cell' delays are assumed to include load delay. (UID-282)
Information: Writing timing information to file '/home/gift/workplace/CourseDigitalIC/homework/ch4-5/CLA/syn/mapped/top.sdf'. (WT-3)
Warning: Design contains black-box components.  These cells will have no timing information. (WT-7)
1
1
dc_shell> quit

Memory usage for main task 166 Mbytes.
Memory usage for this session 166 Mbytes.
CPU usage for this session 3 seconds ( 0.00 hours ).

Thank you...

